2017-12-18 15:25:11: ================================================================================
2017-12-18 15:25:11: init database at aifirst.cbt97yfhqua0.ap-northeast-2.rds.amazonaws.com:3306
2017-12-18 15:25:11: init token cache at redis.aifirst.kr:6379
2017-12-18 15:25:11: AI FIRST Web Service Startup at localhost:8081
2017-12-19 12:25:14: ================================================================================
2017-12-19 12:25:14: init database at aifirst.cbt97yfhqua0.ap-northeast-2.rds.amazonaws.com:3306
2017-12-19 12:25:14: init token cache at redis.aifirst.kr:6379
2017-12-19 12:25:14: AI FIRST Web Service Startup at localhost:8081
2017-12-19 12:25:31: ================================================================================
2017-12-19 12:25:31: init database at aifirst.cbt97yfhqua0.ap-northeast-2.rds.amazonaws.com:3306
2017-12-19 12:25:31: init token cache at redis.aifirst.kr:6379
2017-12-19 12:25:31: AI FIRST Web Service Startup at localhost:8081
2017-12-19 13:40:56: ================================================================================
2017-12-19 13:40:56: init database at aifirst.cbt97yfhqua0.ap-northeast-2.rds.amazonaws.com:3306
2017-12-19 13:40:56: init token cache at redis.aifirst.kr:6379
2017-12-19 13:40:56: AI FIRST Web Service Startup at localhost:8081
2017-12-19 13:42:28: ================================================================================
2017-12-19 13:42:28: init database at aifirst.cbt97yfhqua0.ap-northeast-2.rds.amazonaws.com:3306
2017-12-19 13:42:28: init token cache at redis.aifirst.kr:6379
2017-12-19 13:42:28: AI FIRST Web Service Startup at localhost:8081
2017-12-19 13:43:16: err= TypeError: sprintf is not a function
    at Object.otp.makeOtp (/home/ubuntu/aifirst-api/helper/otp.js:20:19)
    at /home/ubuntu/aifirst-api/endpoint/auth.js:271:20
    at Layer.handle [as handle_request] (/home/ubuntu/aifirst-api/node_modules/express/lib/router/layer.js:95:5)
    at next (/home/ubuntu/aifirst-api/node_modules/express/lib/router/route.js:137:13)
    at Route.dispatch (/home/ubuntu/aifirst-api/node_modules/express/lib/router/route.js:112:3)
    at Layer.handle [as handle_request] (/home/ubuntu/aifirst-api/node_modules/express/lib/router/layer.js:95:5)
    at /home/ubuntu/aifirst-api/node_modules/express/lib/router/index.js:281:22
    at Function.process_params (/home/ubuntu/aifirst-api/node_modules/express/lib/router/index.js:335:12)
    at next (/home/ubuntu/aifirst-api/node_modules/express/lib/router/index.js:275:10)
    at Function.handle (/home/ubuntu/aifirst-api/node_modules/express/lib/router/index.js:174:3)
    at router (/home/ubuntu/aifirst-api/node_modules/express/lib/router/index.js:47:12)
    at Layer.handle [as handle_request] (/home/ubuntu/aifirst-api/node_modules/express/lib/router/layer.js:95:5)
    at trim_prefix (/home/ubuntu/aifirst-api/node_modules/express/lib/router/index.js:317:13)
    at /home/ubuntu/aifirst-api/node_modules/express/lib/router/index.js:284:7
    at Function.process_params (/home/ubuntu/aifirst-api/node_modules/express/lib/router/index.js:335:12)
    at next (/home/ubuntu/aifirst-api/node_modules/express/lib/router/index.js:275:10)
2017-12-19 14:57:39: ================================================================================
2017-12-19 14:57:39: init database at aifirst.cbt97yfhqua0.ap-northeast-2.rds.amazonaws.com:3306
2017-12-19 14:57:39: init token cache at redis.aifirst.kr:6379
2017-12-19 14:57:39: AI FIRST Web Service Startup at localhost:8081
2017-12-19 14:58:38: err= ReferenceError: SMTP is not defined
    at /home/ubuntu/aifirst-api/endpoint/auth.js:273:15
    at Layer.handle [as handle_request] (/home/ubuntu/aifirst-api/node_modules/express/lib/router/layer.js:95:5)
    at next (/home/ubuntu/aifirst-api/node_modules/express/lib/router/route.js:137:13)
    at Route.dispatch (/home/ubuntu/aifirst-api/node_modules/express/lib/router/route.js:112:3)
    at Layer.handle [as handle_request] (/home/ubuntu/aifirst-api/node_modules/express/lib/router/layer.js:95:5)
    at /home/ubuntu/aifirst-api/node_modules/express/lib/router/index.js:281:22
    at Function.process_params (/home/ubuntu/aifirst-api/node_modules/express/lib/router/index.js:335:12)
    at next (/home/ubuntu/aifirst-api/node_modules/express/lib/router/index.js:275:10)
    at Function.handle (/home/ubuntu/aifirst-api/node_modules/express/lib/router/index.js:174:3)
    at router (/home/ubuntu/aifirst-api/node_modules/express/lib/router/index.js:47:12)
    at Layer.handle [as handle_request] (/home/ubuntu/aifirst-api/node_modules/express/lib/router/layer.js:95:5)
    at trim_prefix (/home/ubuntu/aifirst-api/node_modules/express/lib/router/index.js:317:13)
    at /home/ubuntu/aifirst-api/node_modules/express/lib/router/index.js:284:7
    at Function.process_params (/home/ubuntu/aifirst-api/node_modules/express/lib/router/index.js:335:12)
    at next (/home/ubuntu/aifirst-api/node_modules/express/lib/router/index.js:275:10)
    at cors (/home/ubuntu/aifirst-api/node_modules/cors/lib/index.js:188:7)
2017-12-19 15:00:05: ================================================================================
2017-12-19 15:00:05: init database at aifirst.cbt97yfhqua0.ap-northeast-2.rds.amazonaws.com:3306
2017-12-19 15:00:05: init token cache at redis.aifirst.kr:6379
2017-12-19 15:00:05: AI FIRST Web Service Startup at localhost:8081
2017-12-19 15:00:10: node_redis: Deprecated: The SET command contains a "undefined" argument.
This is converted to a "undefined" string now and will return an error from v.3.0 on.
Please handle this in your code to make sure everything works as you intended it to.
2017-12-19 15:00:10: node_redis: Deprecated: The EXPIRE command contains a "undefined" argument.
This is converted to a "undefined" string now and will return an error from v.3.0 on.
Please handle this in your code to make sure everything works as you intended it to.
2017-12-19 15:03:12: node_redis: Deprecated: The SET command contains a "undefined" argument.
This is converted to a "undefined" string now and will return an error from v.3.0 on.
Please handle this in your code to make sure everything works as you intended it to.
2017-12-19 15:03:12: node_redis: Deprecated: The EXPIRE command contains a "undefined" argument.
This is converted to a "undefined" string now and will return an error from v.3.0 on.
Please handle this in your code to make sure everything works as you intended it to.
2017-12-19 15:03:55: node_redis: Deprecated: The SET command contains a "undefined" argument.
This is converted to a "undefined" string now and will return an error from v.3.0 on.
Please handle this in your code to make sure everything works as you intended it to.
2017-12-19 15:03:55: node_redis: Deprecated: The EXPIRE command contains a "undefined" argument.
This is converted to a "undefined" string now and will return an error from v.3.0 on.
Please handle this in your code to make sure everything works as you intended it to.
2017-12-19 15:06:10: node_redis: Deprecated: The SET command contains a "undefined" argument.
This is converted to a "undefined" string now and will return an error from v.3.0 on.
Please handle this in your code to make sure everything works as you intended it to.
2017-12-19 15:06:10: node_redis: Deprecated: The EXPIRE command contains a "undefined" argument.
This is converted to a "undefined" string now and will return an error from v.3.0 on.
Please handle this in your code to make sure everything works as you intended it to.
2017-12-19 15:09:32: ================================================================================
2017-12-19 15:09:32: init database at aifirst.cbt97yfhqua0.ap-northeast-2.rds.amazonaws.com:3306
2017-12-19 15:09:32: init token cache at redis.aifirst.kr:6379
2017-12-19 15:09:32: AI FIRST Web Service Startup at localhost:8081
2017-12-19 15:21:48: ================================================================================
2017-12-19 15:21:48: init database at aifirst.cbt97yfhqua0.ap-northeast-2.rds.amazonaws.com:3306
2017-12-19 15:21:48: init token cache at redis.aifirst.kr:6379
2017-12-19 15:21:48: AI FIRST Web Service Startup at localhost:8081
2017-12-19 15:27:16: ================================================================================
2017-12-19 15:27:16: init database at aifirst.cbt97yfhqua0.ap-northeast-2.rds.amazonaws.com:3306
2017-12-19 15:27:16: init token cache at redis.aifirst.kr:6379
2017-12-19 15:27:16: AI FIRST Web Service Startup at localhost:8081
2017-12-19 15:53:22: ================================================================================
2017-12-19 15:53:22: init database at aifirst.cbt97yfhqua0.ap-northeast-2.rds.amazonaws.com:3306
2017-12-19 15:53:22: init token cache at redis.aifirst.kr:6379
2017-12-19 15:53:22: AI FIRST Web Service Startup at localhost:8081
2017-12-19 16:17:02: ================================================================================
2017-12-19 16:17:02: init database at aifirst.cbt97yfhqua0.ap-northeast-2.rds.amazonaws.com:3306
2017-12-19 16:17:02: init token cache at redis.aifirst.kr:6379
2017-12-19 16:17:02: AI FIRST Web Service Startup at localhost:8081
2017-12-19 17:28:18: ================================================================================
2017-12-19 17:28:18: init database at aifirst.cbt97yfhqua0.ap-northeast-2.rds.amazonaws.com:3306
2017-12-19 17:28:18: init token cache at redis.aifirst.kr:6379
2017-12-19 17:28:18: AI FIRST Web Service Startup at localhost:8081
2017-12-19 18:04:03: ================================================================================
2017-12-19 18:04:03: init database at aifirst.cbt97yfhqua0.ap-northeast-2.rds.amazonaws.com:3306
2017-12-19 18:04:03: init token cache at redis.aifirst.kr:6379
2017-12-19 18:04:03: AI FIRST Web Service Startup at localhost:8081
2017-12-19 18:13:06: ================================================================================
2017-12-19 18:13:06: init database at aifirst.cbt97yfhqua0.ap-northeast-2.rds.amazonaws.com:3306
2017-12-19 18:13:06: init token cache at redis.aifirst.kr:6379
2017-12-19 18:13:06: AI FIRST Web Service Startup at localhost:8081
2017-12-20 01:28:26: ================================================================================
2017-12-20 01:28:26: init database at aifirst.cbt97yfhqua0.ap-northeast-2.rds.amazonaws.com:3306
2017-12-20 01:28:26: init token cache at redis.aifirst.kr:6379
2017-12-20 01:28:26: AI FIRST Web Service Startup at localhost:8081
2017-12-20 02:58:13: ================================================================================
2017-12-20 02:58:13: init database at aifirst.cbt97yfhqua0.ap-northeast-2.rds.amazonaws.com:3306
2017-12-20 02:58:13: init token cache at redis.aifirst.kr:6379
2017-12-20 02:58:13: AI FIRST Web Service Startup at localhost:8081
2017-12-20 03:02:21: ================================================================================
2017-12-20 03:02:21: init database at aifirst.cbt97yfhqua0.ap-northeast-2.rds.amazonaws.com:3306
2017-12-20 03:02:21: init token cache at redis.aifirst.kr:6379
2017-12-20 03:02:22: ReferenceError: IAM is not defined
    at Object.<anonymous> (/home/ubuntu/aifirst-api/endpoint/image.js:37:18)
    at Object.<anonymous> (/home/ubuntu/aifirst-api/endpoint/image.js:159:4)
    at Module._compile (module.js:635:30)
    at Object.Module._extensions..js (module.js:646:10)
    at Module.load (module.js:554:32)
    at tryModuleLoad (module.js:497:12)
    at Function.Module._load (module.js:489:3)
    at Module.require (module.js:579:17)
    at require (internal/module.js:11:18)
    at Object.<anonymous> (/home/ubuntu/aifirst-api/app.js:68:21)
    at Object.<anonymous> (/home/ubuntu/aifirst-api/app.js:79:4)
    at Module._compile (module.js:635:30)
    at Object.Module._extensions..js (module.js:646:10)
    at Module.load (module.js:554:32)
    at tryModuleLoad (module.js:497:12)
    at Function.Module._load (module.js:489:3)
2017-12-20 03:02:22: ================================================================================
2017-12-20 03:02:22: init database at aifirst.cbt97yfhqua0.ap-northeast-2.rds.amazonaws.com:3306
2017-12-20 03:02:22: init token cache at redis.aifirst.kr:6379
2017-12-20 03:02:22: ReferenceError: IAM is not defined
    at Object.<anonymous> (/home/ubuntu/aifirst-api/endpoint/image.js:37:18)
    at Object.<anonymous> (/home/ubuntu/aifirst-api/endpoint/image.js:159:4)
    at Module._compile (module.js:635:30)
    at Object.Module._extensions..js (module.js:646:10)
    at Module.load (module.js:554:32)
    at tryModuleLoad (module.js:497:12)
    at Function.Module._load (module.js:489:3)
    at Module.require (module.js:579:17)
    at require (internal/module.js:11:18)
    at Object.<anonymous> (/home/ubuntu/aifirst-api/app.js:68:21)
    at Object.<anonymous> (/home/ubuntu/aifirst-api/app.js:79:4)
    at Module._compile (module.js:635:30)
    at Object.Module._extensions..js (module.js:646:10)
    at Module.load (module.js:554:32)
    at tryModuleLoad (module.js:497:12)
    at Function.Module._load (module.js:489:3)
2017-12-20 03:02:22: ================================================================================
2017-12-20 03:02:22: init database at aifirst.cbt97yfhqua0.ap-northeast-2.rds.amazonaws.com:3306
2017-12-20 03:02:22: init token cache at redis.aifirst.kr:6379
2017-12-20 03:02:23: ReferenceError: IAM is not defined
    at Object.<anonymous> (/home/ubuntu/aifirst-api/endpoint/image.js:37:18)
    at Object.<anonymous> (/home/ubuntu/aifirst-api/endpoint/image.js:159:4)
    at Module._compile (module.js:635:30)
    at Object.Module._extensions..js (module.js:646:10)
    at Module.load (module.js:554:32)
    at tryModuleLoad (module.js:497:12)
    at Function.Module._load (module.js:489:3)
    at Module.require (module.js:579:17)
    at require (internal/module.js:11:18)
    at Object.<anonymous> (/home/ubuntu/aifirst-api/app.js:68:21)
    at Object.<anonymous> (/home/ubuntu/aifirst-api/app.js:79:4)
    at Module._compile (module.js:635:30)
    at Object.Module._extensions..js (module.js:646:10)
    at Module.load (module.js:554:32)
    at tryModuleLoad (module.js:497:12)
    at Function.Module._load (module.js:489:3)
2017-12-20 03:02:23: ================================================================================
2017-12-20 03:02:23: init database at aifirst.cbt97yfhqua0.ap-northeast-2.rds.amazonaws.com:3306
2017-12-20 03:02:23: init token cache at redis.aifirst.kr:6379
2017-12-20 03:02:23: ReferenceError: IAM is not defined
    at Object.<anonymous> (/home/ubuntu/aifirst-api/endpoint/image.js:37:18)
    at Object.<anonymous> (/home/ubuntu/aifirst-api/endpoint/image.js:159:4)
    at Module._compile (module.js:635:30)
    at Object.Module._extensions..js (module.js:646:10)
    at Module.load (module.js:554:32)
    at tryModuleLoad (module.js:497:12)
    at Function.Module._load (module.js:489:3)
    at Module.require (module.js:579:17)
    at require (internal/module.js:11:18)
    at Object.<anonymous> (/home/ubuntu/aifirst-api/app.js:68:21)
    at Object.<anonymous> (/home/ubuntu/aifirst-api/app.js:79:4)
    at Module._compile (module.js:635:30)
    at Object.Module._extensions..js (module.js:646:10)
    at Module.load (module.js:554:32)
    at tryModuleLoad (module.js:497:12)
    at Function.Module._load (module.js:489:3)
2017-12-20 03:02:24: ================================================================================
2017-12-20 03:02:24: init database at aifirst.cbt97yfhqua0.ap-northeast-2.rds.amazonaws.com:3306
2017-12-20 03:02:24: init token cache at redis.aifirst.kr:6379
2017-12-20 03:02:24: ReferenceError: IAM is not defined
    at Object.<anonymous> (/home/ubuntu/aifirst-api/endpoint/image.js:37:18)
    at Object.<anonymous> (/home/ubuntu/aifirst-api/endpoint/image.js:159:4)
    at Module._compile (module.js:635:30)
    at Object.Module._extensions..js (module.js:646:10)
    at Module.load (module.js:554:32)
    at tryModuleLoad (module.js:497:12)
    at Function.Module._load (module.js:489:3)
    at Module.require (module.js:579:17)
    at require (internal/module.js:11:18)
    at Object.<anonymous> (/home/ubuntu/aifirst-api/app.js:68:21)
    at Object.<anonymous> (/home/ubuntu/aifirst-api/app.js:79:4)
    at Module._compile (module.js:635:30)
    at Object.Module._extensions..js (module.js:646:10)
    at Module.load (module.js:554:32)
    at tryModuleLoad (module.js:497:12)
    at Function.Module._load (module.js:489:3)
2017-12-20 03:02:24: ================================================================================
2017-12-20 03:02:24: init database at aifirst.cbt97yfhqua0.ap-northeast-2.rds.amazonaws.com:3306
2017-12-20 03:02:24: init token cache at redis.aifirst.kr:6379
2017-12-20 03:02:25: ReferenceError: IAM is not defined
    at Object.<anonymous> (/home/ubuntu/aifirst-api/endpoint/image.js:37:18)
    at Object.<anonymous> (/home/ubuntu/aifirst-api/endpoint/image.js:159:4)
    at Module._compile (module.js:635:30)
    at Object.Module._extensions..js (module.js:646:10)
    at Module.load (module.js:554:32)
    at tryModuleLoad (module.js:497:12)
    at Function.Module._load (module.js:489:3)
    at Module.require (module.js:579:17)
    at require (internal/module.js:11:18)
    at Object.<anonymous> (/home/ubuntu/aifirst-api/app.js:68:21)
    at Object.<anonymous> (/home/ubuntu/aifirst-api/app.js:79:4)
    at Module._compile (module.js:635:30)
    at Object.Module._extensions..js (module.js:646:10)
    at Module.load (module.js:554:32)
    at tryModuleLoad (module.js:497:12)
    at Function.Module._load (module.js:489:3)
2017-12-20 03:02:25: ================================================================================
2017-12-20 03:02:25: init database at aifirst.cbt97yfhqua0.ap-northeast-2.rds.amazonaws.com:3306
2017-12-20 03:02:25: init token cache at redis.aifirst.kr:6379
2017-12-20 03:02:25: ReferenceError: IAM is not defined
    at Object.<anonymous> (/home/ubuntu/aifirst-api/endpoint/image.js:37:18)
    at Object.<anonymous> (/home/ubuntu/aifirst-api/endpoint/image.js:159:4)
    at Module._compile (module.js:635:30)
    at Object.Module._extensions..js (module.js:646:10)
    at Module.load (module.js:554:32)
    at tryModuleLoad (module.js:497:12)
    at Function.Module._load (module.js:489:3)
    at Module.require (module.js:579:17)
    at require (internal/module.js:11:18)
    at Object.<anonymous> (/home/ubuntu/aifirst-api/app.js:68:21)
    at Object.<anonymous> (/home/ubuntu/aifirst-api/app.js:79:4)
    at Module._compile (module.js:635:30)
    at Object.Module._extensions..js (module.js:646:10)
    at Module.load (module.js:554:32)
    at tryModuleLoad (module.js:497:12)
    at Function.Module._load (module.js:489:3)
2017-12-20 03:02:26: ================================================================================
2017-12-20 03:02:26: init database at aifirst.cbt97yfhqua0.ap-northeast-2.rds.amazonaws.com:3306
2017-12-20 03:02:26: init token cache at redis.aifirst.kr:6379
2017-12-20 03:02:26: ReferenceError: IAM is not defined
    at Object.<anonymous> (/home/ubuntu/aifirst-api/endpoint/image.js:37:18)
    at Object.<anonymous> (/home/ubuntu/aifirst-api/endpoint/image.js:159:4)
    at Module._compile (module.js:635:30)
    at Object.Module._extensions..js (module.js:646:10)
    at Module.load (module.js:554:32)
    at tryModuleLoad (module.js:497:12)
    at Function.Module._load (module.js:489:3)
    at Module.require (module.js:579:17)
    at require (internal/module.js:11:18)
    at Object.<anonymous> (/home/ubuntu/aifirst-api/app.js:68:21)
    at Object.<anonymous> (/home/ubuntu/aifirst-api/app.js:79:4)
    at Module._compile (module.js:635:30)
    at Object.Module._extensions..js (module.js:646:10)
    at Module.load (module.js:554:32)
    at tryModuleLoad (module.js:497:12)
    at Function.Module._load (module.js:489:3)
2017-12-20 03:02:26: ================================================================================
2017-12-20 03:02:26: init database at aifirst.cbt97yfhqua0.ap-northeast-2.rds.amazonaws.com:3306
2017-12-20 03:02:26: init token cache at redis.aifirst.kr:6379
2017-12-20 03:02:27: ReferenceError: IAM is not defined
    at Object.<anonymous> (/home/ubuntu/aifirst-api/endpoint/image.js:37:18)
    at Object.<anonymous> (/home/ubuntu/aifirst-api/endpoint/image.js:159:4)
    at Module._compile (module.js:635:30)
    at Object.Module._extensions..js (module.js:646:10)
    at Module.load (module.js:554:32)
    at tryModuleLoad (module.js:497:12)
    at Function.Module._load (module.js:489:3)
    at Module.require (module.js:579:17)
    at require (internal/module.js:11:18)
    at Object.<anonymous> (/home/ubuntu/aifirst-api/app.js:68:21)
    at Object.<anonymous> (/home/ubuntu/aifirst-api/app.js:79:4)
    at Module._compile (module.js:635:30)
    at Object.Module._extensions..js (module.js:646:10)
    at Module.load (module.js:554:32)
    at tryModuleLoad (module.js:497:12)
    at Function.Module._load (module.js:489:3)
2017-12-20 03:02:27: ================================================================================
2017-12-20 03:02:27: init database at aifirst.cbt97yfhqua0.ap-northeast-2.rds.amazonaws.com:3306
2017-12-20 03:02:27: init token cache at redis.aifirst.kr:6379
2017-12-20 03:02:27: ReferenceError: IAM is not defined
    at Object.<anonymous> (/home/ubuntu/aifirst-api/endpoint/image.js:37:18)
    at Object.<anonymous> (/home/ubuntu/aifirst-api/endpoint/image.js:159:4)
    at Module._compile (module.js:635:30)
    at Object.Module._extensions..js (module.js:646:10)
    at Module.load (module.js:554:32)
    at tryModuleLoad (module.js:497:12)
    at Function.Module._load (module.js:489:3)
    at Module.require (module.js:579:17)
    at require (internal/module.js:11:18)
    at Object.<anonymous> (/home/ubuntu/aifirst-api/app.js:68:21)
    at Object.<anonymous> (/home/ubuntu/aifirst-api/app.js:79:4)
    at Module._compile (module.js:635:30)
    at Object.Module._extensions..js (module.js:646:10)
    at Module.load (module.js:554:32)
    at tryModuleLoad (module.js:497:12)
    at Function.Module._load (module.js:489:3)
2017-12-20 03:02:28: ================================================================================
2017-12-20 03:02:28: init database at aifirst.cbt97yfhqua0.ap-northeast-2.rds.amazonaws.com:3306
2017-12-20 03:02:28: init token cache at redis.aifirst.kr:6379
2017-12-20 03:02:28: ReferenceError: IAM is not defined
    at Object.<anonymous> (/home/ubuntu/aifirst-api/endpoint/image.js:37:18)
    at Object.<anonymous> (/home/ubuntu/aifirst-api/endpoint/image.js:159:4)
    at Module._compile (module.js:635:30)
    at Object.Module._extensions..js (module.js:646:10)
    at Module.load (module.js:554:32)
    at tryModuleLoad (module.js:497:12)
    at Function.Module._load (module.js:489:3)
    at Module.require (module.js:579:17)
    at require (internal/module.js:11:18)
    at Object.<anonymous> (/home/ubuntu/aifirst-api/app.js:68:21)
    at Object.<anonymous> (/home/ubuntu/aifirst-api/app.js:79:4)
    at Module._compile (module.js:635:30)
    at Object.Module._extensions..js (module.js:646:10)
    at Module.load (module.js:554:32)
    at tryModuleLoad (module.js:497:12)
    at Function.Module._load (module.js:489:3)
2017-12-20 03:02:28: ================================================================================
2017-12-20 03:02:28: init database at aifirst.cbt97yfhqua0.ap-northeast-2.rds.amazonaws.com:3306
2017-12-20 03:02:28: init token cache at redis.aifirst.kr:6379
2017-12-20 03:02:29: ReferenceError: IAM is not defined
    at Object.<anonymous> (/home/ubuntu/aifirst-api/endpoint/image.js:37:18)
    at Object.<anonymous> (/home/ubuntu/aifirst-api/endpoint/image.js:159:4)
    at Module._compile (module.js:635:30)
    at Object.Module._extensions..js (module.js:646:10)
    at Module.load (module.js:554:32)
    at tryModuleLoad (module.js:497:12)
    at Function.Module._load (module.js:489:3)
    at Module.require (module.js:579:17)
    at require (internal/module.js:11:18)
    at Object.<anonymous> (/home/ubuntu/aifirst-api/app.js:68:21)
    at Object.<anonymous> (/home/ubuntu/aifirst-api/app.js:79:4)
    at Module._compile (module.js:635:30)
    at Object.Module._extensions..js (module.js:646:10)
    at Module.load (module.js:554:32)
    at tryModuleLoad (module.js:497:12)
    at Function.Module._load (module.js:489:3)
2017-12-20 03:02:29: ================================================================================
2017-12-20 03:02:29: init database at aifirst.cbt97yfhqua0.ap-northeast-2.rds.amazonaws.com:3306
2017-12-20 03:02:29: init token cache at redis.aifirst.kr:6379
2017-12-20 03:02:29: ReferenceError: IAM is not defined
    at Object.<anonymous> (/home/ubuntu/aifirst-api/endpoint/image.js:37:18)
    at Object.<anonymous> (/home/ubuntu/aifirst-api/endpoint/image.js:159:4)
    at Module._compile (module.js:635:30)
    at Object.Module._extensions..js (module.js:646:10)
    at Module.load (module.js:554:32)
    at tryModuleLoad (module.js:497:12)
    at Function.Module._load (module.js:489:3)
    at Module.require (module.js:579:17)
    at require (internal/module.js:11:18)
    at Object.<anonymous> (/home/ubuntu/aifirst-api/app.js:68:21)
    at Object.<anonymous> (/home/ubuntu/aifirst-api/app.js:79:4)
    at Module._compile (module.js:635:30)
    at Object.Module._extensions..js (module.js:646:10)
    at Module.load (module.js:554:32)
    at tryModuleLoad (module.js:497:12)
    at Function.Module._load (module.js:489:3)
2017-12-20 03:02:30: ================================================================================
2017-12-20 03:02:30: init database at aifirst.cbt97yfhqua0.ap-northeast-2.rds.amazonaws.com:3306
2017-12-20 03:02:30: init token cache at redis.aifirst.kr:6379
2017-12-20 03:02:30: ReferenceError: IAM is not defined
    at Object.<anonymous> (/home/ubuntu/aifirst-api/endpoint/image.js:37:18)
    at Object.<anonymous> (/home/ubuntu/aifirst-api/endpoint/image.js:159:4)
    at Module._compile (module.js:635:30)
    at Object.Module._extensions..js (module.js:646:10)
    at Module.load (module.js:554:32)
    at tryModuleLoad (module.js:497:12)
    at Function.Module._load (module.js:489:3)
    at Module.require (module.js:579:17)
    at require (internal/module.js:11:18)
    at Object.<anonymous> (/home/ubuntu/aifirst-api/app.js:68:21)
    at Object.<anonymous> (/home/ubuntu/aifirst-api/app.js:79:4)
    at Module._compile (module.js:635:30)
    at Object.Module._extensions..js (module.js:646:10)
    at Module.load (module.js:554:32)
    at tryModuleLoad (module.js:497:12)
    at Function.Module._load (module.js:489:3)
2017-12-20 03:02:30: ================================================================================
2017-12-20 03:02:30: init database at aifirst.cbt97yfhqua0.ap-northeast-2.rds.amazonaws.com:3306
2017-12-20 03:02:30: init token cache at redis.aifirst.kr:6379
2017-12-20 03:02:31: ReferenceError: IAM is not defined
    at Object.<anonymous> (/home/ubuntu/aifirst-api/endpoint/image.js:37:18)
    at Object.<anonymous> (/home/ubuntu/aifirst-api/endpoint/image.js:159:4)
    at Module._compile (module.js:635:30)
    at Object.Module._extensions..js (module.js:646:10)
    at Module.load (module.js:554:32)
    at tryModuleLoad (module.js:497:12)
    at Function.Module._load (module.js:489:3)
    at Module.require (module.js:579:17)
    at require (internal/module.js:11:18)
    at Object.<anonymous> (/home/ubuntu/aifirst-api/app.js:68:21)
    at Object.<anonymous> (/home/ubuntu/aifirst-api/app.js:79:4)
    at Module._compile (module.js:635:30)
    at Object.Module._extensions..js (module.js:646:10)
    at Module.load (module.js:554:32)
    at tryModuleLoad (module.js:497:12)
    at Function.Module._load (module.js:489:3)
2017-12-20 03:02:31: ================================================================================
2017-12-20 03:02:31: init database at aifirst.cbt97yfhqua0.ap-northeast-2.rds.amazonaws.com:3306
2017-12-20 03:02:31: init token cache at redis.aifirst.kr:6379
2017-12-20 03:02:31: ReferenceError: IAM is not defined
    at Object.<anonymous> (/home/ubuntu/aifirst-api/endpoint/image.js:37:18)
    at Object.<anonymous> (/home/ubuntu/aifirst-api/endpoint/image.js:159:4)
    at Module._compile (module.js:635:30)
    at Object.Module._extensions..js (module.js:646:10)
    at Module.load (module.js:554:32)
    at tryModuleLoad (module.js:497:12)
    at Function.Module._load (module.js:489:3)
    at Module.require (module.js:579:17)
    at require (internal/module.js:11:18)
    at Object.<anonymous> (/home/ubuntu/aifirst-api/app.js:68:21)
    at Object.<anonymous> (/home/ubuntu/aifirst-api/app.js:79:4)
    at Module._compile (module.js:635:30)
    at Object.Module._extensions..js (module.js:646:10)
    at Module.load (module.js:554:32)
    at tryModuleLoad (module.js:497:12)
    at Function.Module._load (module.js:489:3)
2017-12-20 03:04:04: ================================================================================
2017-12-20 03:04:04: init database at aifirst.cbt97yfhqua0.ap-northeast-2.rds.amazonaws.com:3306
2017-12-20 03:04:04: init token cache at redis.aifirst.kr:6379
2017-12-20 03:04:04: ReferenceError: IAM is not defined
    at Object.<anonymous> (/home/ubuntu/aifirst-api/endpoint/image.js:37:18)
    at Object.<anonymous> (/home/ubuntu/aifirst-api/endpoint/image.js:159:4)
    at Module._compile (module.js:635:30)
    at Object.Module._extensions..js (module.js:646:10)
    at Module.load (module.js:554:32)
    at tryModuleLoad (module.js:497:12)
    at Function.Module._load (module.js:489:3)
    at Module.require (module.js:579:17)
    at require (internal/module.js:11:18)
    at Object.<anonymous> (/home/ubuntu/aifirst-api/app.js:68:21)
    at Object.<anonymous> (/home/ubuntu/aifirst-api/app.js:79:4)
    at Module._compile (module.js:635:30)
    at Object.Module._extensions..js (module.js:646:10)
    at Module.load (module.js:554:32)
    at tryModuleLoad (module.js:497:12)
    at Function.Module._load (module.js:489:3)
2017-12-20 03:04:05: ================================================================================
2017-12-20 03:04:05: init database at aifirst.cbt97yfhqua0.ap-northeast-2.rds.amazonaws.com:3306
2017-12-20 03:04:05: init token cache at redis.aifirst.kr:6379
2017-12-20 03:04:05: ReferenceError: IAM is not defined
    at Object.<anonymous> (/home/ubuntu/aifirst-api/endpoint/image.js:37:18)
    at Object.<anonymous> (/home/ubuntu/aifirst-api/endpoint/image.js:159:4)
    at Module._compile (module.js:635:30)
    at Object.Module._extensions..js (module.js:646:10)
    at Module.load (module.js:554:32)
    at tryModuleLoad (module.js:497:12)
    at Function.Module._load (module.js:489:3)
    at Module.require (module.js:579:17)
    at require (internal/module.js:11:18)
    at Object.<anonymous> (/home/ubuntu/aifirst-api/app.js:68:21)
    at Object.<anonymous> (/home/ubuntu/aifirst-api/app.js:79:4)
    at Module._compile (module.js:635:30)
    at Object.Module._extensions..js (module.js:646:10)
    at Module.load (module.js:554:32)
    at tryModuleLoad (module.js:497:12)
    at Function.Module._load (module.js:489:3)
2017-12-20 03:04:05: ================================================================================
2017-12-20 03:04:05: init database at aifirst.cbt97yfhqua0.ap-northeast-2.rds.amazonaws.com:3306
2017-12-20 03:04:05: init token cache at redis.aifirst.kr:6379
2017-12-20 03:04:06: ReferenceError: IAM is not defined
    at Object.<anonymous> (/home/ubuntu/aifirst-api/endpoint/image.js:37:18)
    at Object.<anonymous> (/home/ubuntu/aifirst-api/endpoint/image.js:159:4)
    at Module._compile (module.js:635:30)
    at Object.Module._extensions..js (module.js:646:10)
    at Module.load (module.js:554:32)
    at tryModuleLoad (module.js:497:12)
    at Function.Module._load (module.js:489:3)
    at Module.require (module.js:579:17)
    at require (internal/module.js:11:18)
    at Object.<anonymous> (/home/ubuntu/aifirst-api/app.js:68:21)
    at Object.<anonymous> (/home/ubuntu/aifirst-api/app.js:79:4)
    at Module._compile (module.js:635:30)
    at Object.Module._extensions..js (module.js:646:10)
    at Module.load (module.js:554:32)
    at tryModuleLoad (module.js:497:12)
    at Function.Module._load (module.js:489:3)
2017-12-20 03:04:06: ================================================================================
2017-12-20 03:04:06: init database at aifirst.cbt97yfhqua0.ap-northeast-2.rds.amazonaws.com:3306
2017-12-20 03:04:06: init token cache at redis.aifirst.kr:6379
2017-12-20 03:04:06: ReferenceError: IAM is not defined
    at Object.<anonymous> (/home/ubuntu/aifirst-api/endpoint/image.js:37:18)
    at Object.<anonymous> (/home/ubuntu/aifirst-api/endpoint/image.js:159:4)
    at Module._compile (module.js:635:30)
    at Object.Module._extensions..js (module.js:646:10)
    at Module.load (module.js:554:32)
    at tryModuleLoad (module.js:497:12)
    at Function.Module._load (module.js:489:3)
    at Module.require (module.js:579:17)
    at require (internal/module.js:11:18)
    at Object.<anonymous> (/home/ubuntu/aifirst-api/app.js:68:21)
    at Object.<anonymous> (/home/ubuntu/aifirst-api/app.js:79:4)
    at Module._compile (module.js:635:30)
    at Object.Module._extensions..js (module.js:646:10)
    at Module.load (module.js:554:32)
    at tryModuleLoad (module.js:497:12)
    at Function.Module._load (module.js:489:3)
2017-12-20 03:04:06: ================================================================================
2017-12-20 03:04:06: init database at aifirst.cbt97yfhqua0.ap-northeast-2.rds.amazonaws.com:3306
2017-12-20 03:04:07: init token cache at redis.aifirst.kr:6379
2017-12-20 03:04:07: ReferenceError: IAM is not defined
    at Object.<anonymous> (/home/ubuntu/aifirst-api/endpoint/image.js:37:18)
    at Object.<anonymous> (/home/ubuntu/aifirst-api/endpoint/image.js:159:4)
    at Module._compile (module.js:635:30)
    at Object.Module._extensions..js (module.js:646:10)
    at Module.load (module.js:554:32)
    at tryModuleLoad (module.js:497:12)
    at Function.Module._load (module.js:489:3)
    at Module.require (module.js:579:17)
    at require (internal/module.js:11:18)
    at Object.<anonymous> (/home/ubuntu/aifirst-api/app.js:68:21)
    at Object.<anonymous> (/home/ubuntu/aifirst-api/app.js:79:4)
    at Module._compile (module.js:635:30)
    at Object.Module._extensions..js (module.js:646:10)
    at Module.load (module.js:554:32)
    at tryModuleLoad (module.js:497:12)
    at Function.Module._load (module.js:489:3)
2017-12-20 03:04:07: ================================================================================
2017-12-20 03:04:07: init database at aifirst.cbt97yfhqua0.ap-northeast-2.rds.amazonaws.com:3306
2017-12-20 03:04:07: init token cache at redis.aifirst.kr:6379
2017-12-20 03:04:07: ReferenceError: IAM is not defined
    at Object.<anonymous> (/home/ubuntu/aifirst-api/endpoint/image.js:37:18)
    at Object.<anonymous> (/home/ubuntu/aifirst-api/endpoint/image.js:159:4)
    at Module._compile (module.js:635:30)
    at Object.Module._extensions..js (module.js:646:10)
    at Module.load (module.js:554:32)
    at tryModuleLoad (module.js:497:12)
    at Function.Module._load (module.js:489:3)
    at Module.require (module.js:579:17)
    at require (internal/module.js:11:18)
    at Object.<anonymous> (/home/ubuntu/aifirst-api/app.js:68:21)
    at Object.<anonymous> (/home/ubuntu/aifirst-api/app.js:79:4)
    at Module._compile (module.js:635:30)
    at Object.Module._extensions..js (module.js:646:10)
    at Module.load (module.js:554:32)
    at tryModuleLoad (module.js:497:12)
    at Function.Module._load (module.js:489:3)
2017-12-20 03:04:08: ================================================================================
2017-12-20 03:04:08: init database at aifirst.cbt97yfhqua0.ap-northeast-2.rds.amazonaws.com:3306
2017-12-20 03:04:08: init token cache at redis.aifirst.kr:6379
2017-12-20 03:04:08: ReferenceError: IAM is not defined
    at Object.<anonymous> (/home/ubuntu/aifirst-api/endpoint/image.js:37:18)
    at Object.<anonymous> (/home/ubuntu/aifirst-api/endpoint/image.js:159:4)
    at Module._compile (module.js:635:30)
    at Object.Module._extensions..js (module.js:646:10)
    at Module.load (module.js:554:32)
    at tryModuleLoad (module.js:497:12)
    at Function.Module._load (module.js:489:3)
    at Module.require (module.js:579:17)
    at require (internal/module.js:11:18)
    at Object.<anonymous> (/home/ubuntu/aifirst-api/app.js:68:21)
    at Object.<anonymous> (/home/ubuntu/aifirst-api/app.js:79:4)
    at Module._compile (module.js:635:30)
    at Object.Module._extensions..js (module.js:646:10)
    at Module.load (module.js:554:32)
    at tryModuleLoad (module.js:497:12)
    at Function.Module._load (module.js:489:3)
2017-12-20 03:04:08: ================================================================================
2017-12-20 03:04:08: init database at aifirst.cbt97yfhqua0.ap-northeast-2.rds.amazonaws.com:3306
2017-12-20 03:04:08: init token cache at redis.aifirst.kr:6379
2017-12-20 03:04:09: ReferenceError: IAM is not defined
    at Object.<anonymous> (/home/ubuntu/aifirst-api/endpoint/image.js:37:18)
    at Object.<anonymous> (/home/ubuntu/aifirst-api/endpoint/image.js:159:4)
    at Module._compile (module.js:635:30)
    at Object.Module._extensions..js (module.js:646:10)
    at Module.load (module.js:554:32)
    at tryModuleLoad (module.js:497:12)
    at Function.Module._load (module.js:489:3)
    at Module.require (module.js:579:17)
    at require (internal/module.js:11:18)
    at Object.<anonymous> (/home/ubuntu/aifirst-api/app.js:68:21)
    at Object.<anonymous> (/home/ubuntu/aifirst-api/app.js:79:4)
    at Module._compile (module.js:635:30)
    at Object.Module._extensions..js (module.js:646:10)
    at Module.load (module.js:554:32)
    at tryModuleLoad (module.js:497:12)
    at Function.Module._load (module.js:489:3)
2017-12-20 03:04:09: ================================================================================
2017-12-20 03:04:09: init database at aifirst.cbt97yfhqua0.ap-northeast-2.rds.amazonaws.com:3306
2017-12-20 03:04:09: init token cache at redis.aifirst.kr:6379
2017-12-20 03:04:09: ReferenceError: IAM is not defined
    at Object.<anonymous> (/home/ubuntu/aifirst-api/endpoint/image.js:37:18)
    at Object.<anonymous> (/home/ubuntu/aifirst-api/endpoint/image.js:159:4)
    at Module._compile (module.js:635:30)
    at Object.Module._extensions..js (module.js:646:10)
    at Module.load (module.js:554:32)
    at tryModuleLoad (module.js:497:12)
    at Function.Module._load (module.js:489:3)
    at Module.require (module.js:579:17)
    at require (internal/module.js:11:18)
    at Object.<anonymous> (/home/ubuntu/aifirst-api/app.js:68:21)
    at Object.<anonymous> (/home/ubuntu/aifirst-api/app.js:79:4)
    at Module._compile (module.js:635:30)
    at Object.Module._extensions..js (module.js:646:10)
    at Module.load (module.js:554:32)
    at tryModuleLoad (module.js:497:12)
    at Function.Module._load (module.js:489:3)
2017-12-20 03:04:10: ================================================================================
2017-12-20 03:04:10: init database at aifirst.cbt97yfhqua0.ap-northeast-2.rds.amazonaws.com:3306
2017-12-20 03:04:10: init token cache at redis.aifirst.kr:6379
2017-12-20 03:04:10: ReferenceError: IAM is not defined
    at Object.<anonymous> (/home/ubuntu/aifirst-api/endpoint/image.js:37:18)
    at Object.<anonymous> (/home/ubuntu/aifirst-api/endpoint/image.js:159:4)
    at Module._compile (module.js:635:30)
    at Object.Module._extensions..js (module.js:646:10)
    at Module.load (module.js:554:32)
    at tryModuleLoad (module.js:497:12)
    at Function.Module._load (module.js:489:3)
    at Module.require (module.js:579:17)
    at require (internal/module.js:11:18)
    at Object.<anonymous> (/home/ubuntu/aifirst-api/app.js:68:21)
    at Object.<anonymous> (/home/ubuntu/aifirst-api/app.js:79:4)
    at Module._compile (module.js:635:30)
    at Object.Module._extensions..js (module.js:646:10)
    at Module.load (module.js:554:32)
    at tryModuleLoad (module.js:497:12)
    at Function.Module._load (module.js:489:3)
2017-12-20 03:04:10: ================================================================================
2017-12-20 03:04:10: init database at aifirst.cbt97yfhqua0.ap-northeast-2.rds.amazonaws.com:3306
2017-12-20 03:04:10: init token cache at redis.aifirst.kr:6379
2017-12-20 03:04:11: ReferenceError: IAM is not defined
    at Object.<anonymous> (/home/ubuntu/aifirst-api/endpoint/image.js:37:18)
    at Object.<anonymous> (/home/ubuntu/aifirst-api/endpoint/image.js:159:4)
    at Module._compile (module.js:635:30)
    at Object.Module._extensions..js (module.js:646:10)
    at Module.load (module.js:554:32)
    at tryModuleLoad (module.js:497:12)
    at Function.Module._load (module.js:489:3)
    at Module.require (module.js:579:17)
    at require (internal/module.js:11:18)
    at Object.<anonymous> (/home/ubuntu/aifirst-api/app.js:68:21)
    at Object.<anonymous> (/home/ubuntu/aifirst-api/app.js:79:4)
    at Module._compile (module.js:635:30)
    at Object.Module._extensions..js (module.js:646:10)
    at Module.load (module.js:554:32)
    at tryModuleLoad (module.js:497:12)
    at Function.Module._load (module.js:489:3)
2017-12-20 03:04:11: ================================================================================
2017-12-20 03:04:11: init database at aifirst.cbt97yfhqua0.ap-northeast-2.rds.amazonaws.com:3306
2017-12-20 03:04:11: init token cache at redis.aifirst.kr:6379
2017-12-20 03:04:11: ReferenceError: IAM is not defined
    at Object.<anonymous> (/home/ubuntu/aifirst-api/endpoint/image.js:37:18)
    at Object.<anonymous> (/home/ubuntu/aifirst-api/endpoint/image.js:159:4)
    at Module._compile (module.js:635:30)
    at Object.Module._extensions..js (module.js:646:10)
    at Module.load (module.js:554:32)
    at tryModuleLoad (module.js:497:12)
    at Function.Module._load (module.js:489:3)
    at Module.require (module.js:579:17)
    at require (internal/module.js:11:18)
    at Object.<anonymous> (/home/ubuntu/aifirst-api/app.js:68:21)
    at Object.<anonymous> (/home/ubuntu/aifirst-api/app.js:79:4)
    at Module._compile (module.js:635:30)
    at Object.Module._extensions..js (module.js:646:10)
    at Module.load (module.js:554:32)
    at tryModuleLoad (module.js:497:12)
    at Function.Module._load (module.js:489:3)
2017-12-20 03:04:12: ================================================================================
2017-12-20 03:04:12: init database at aifirst.cbt97yfhqua0.ap-northeast-2.rds.amazonaws.com:3306
2017-12-20 03:04:12: init token cache at redis.aifirst.kr:6379
2017-12-20 03:04:12: ReferenceError: IAM is not defined
    at Object.<anonymous> (/home/ubuntu/aifirst-api/endpoint/image.js:37:18)
    at Object.<anonymous> (/home/ubuntu/aifirst-api/endpoint/image.js:159:4)
    at Module._compile (module.js:635:30)
    at Object.Module._extensions..js (module.js:646:10)
    at Module.load (module.js:554:32)
    at tryModuleLoad (module.js:497:12)
    at Function.Module._load (module.js:489:3)
    at Module.require (module.js:579:17)
    at require (internal/module.js:11:18)
    at Object.<anonymous> (/home/ubuntu/aifirst-api/app.js:68:21)
    at Object.<anonymous> (/home/ubuntu/aifirst-api/app.js:79:4)
    at Module._compile (module.js:635:30)
    at Object.Module._extensions..js (module.js:646:10)
    at Module.load (module.js:554:32)
    at tryModuleLoad (module.js:497:12)
    at Function.Module._load (module.js:489:3)
2017-12-20 03:04:12: ================================================================================
2017-12-20 03:04:12: init database at aifirst.cbt97yfhqua0.ap-northeast-2.rds.amazonaws.com:3306
2017-12-20 03:04:12: init token cache at redis.aifirst.kr:6379
2017-12-20 03:04:13: ReferenceError: IAM is not defined
    at Object.<anonymous> (/home/ubuntu/aifirst-api/endpoint/image.js:37:18)
    at Object.<anonymous> (/home/ubuntu/aifirst-api/endpoint/image.js:159:4)
    at Module._compile (module.js:635:30)
    at Object.Module._extensions..js (module.js:646:10)
    at Module.load (module.js:554:32)
    at tryModuleLoad (module.js:497:12)
    at Function.Module._load (module.js:489:3)
    at Module.require (module.js:579:17)
    at require (internal/module.js:11:18)
    at Object.<anonymous> (/home/ubuntu/aifirst-api/app.js:68:21)
    at Object.<anonymous> (/home/ubuntu/aifirst-api/app.js:79:4)
    at Module._compile (module.js:635:30)
    at Object.Module._extensions..js (module.js:646:10)
    at Module.load (module.js:554:32)
    at tryModuleLoad (module.js:497:12)
    at Function.Module._load (module.js:489:3)
2017-12-20 03:04:13: ================================================================================
2017-12-20 03:04:13: init database at aifirst.cbt97yfhqua0.ap-northeast-2.rds.amazonaws.com:3306
2017-12-20 03:04:13: init token cache at redis.aifirst.kr:6379
2017-12-20 03:04:13: ReferenceError: IAM is not defined
    at Object.<anonymous> (/home/ubuntu/aifirst-api/endpoint/image.js:37:18)
    at Object.<anonymous> (/home/ubuntu/aifirst-api/endpoint/image.js:159:4)
    at Module._compile (module.js:635:30)
    at Object.Module._extensions..js (module.js:646:10)
    at Module.load (module.js:554:32)
    at tryModuleLoad (module.js:497:12)
    at Function.Module._load (module.js:489:3)
    at Module.require (module.js:579:17)
    at require (internal/module.js:11:18)
    at Object.<anonymous> (/home/ubuntu/aifirst-api/app.js:68:21)
    at Object.<anonymous> (/home/ubuntu/aifirst-api/app.js:79:4)
    at Module._compile (module.js:635:30)
    at Object.Module._extensions..js (module.js:646:10)
    at Module.load (module.js:554:32)
    at tryModuleLoad (module.js:497:12)
    at Function.Module._load (module.js:489:3)
2017-12-20 03:04:14: ================================================================================
2017-12-20 03:04:14: init database at aifirst.cbt97yfhqua0.ap-northeast-2.rds.amazonaws.com:3306
2017-12-20 03:04:14: init token cache at redis.aifirst.kr:6379
2017-12-20 03:04:14: ReferenceError: IAM is not defined
    at Object.<anonymous> (/home/ubuntu/aifirst-api/endpoint/image.js:37:18)
    at Object.<anonymous> (/home/ubuntu/aifirst-api/endpoint/image.js:159:4)
    at Module._compile (module.js:635:30)
    at Object.Module._extensions..js (module.js:646:10)
    at Module.load (module.js:554:32)
    at tryModuleLoad (module.js:497:12)
    at Function.Module._load (module.js:489:3)
    at Module.require (module.js:579:17)
    at require (internal/module.js:11:18)
    at Object.<anonymous> (/home/ubuntu/aifirst-api/app.js:68:21)
    at Object.<anonymous> (/home/ubuntu/aifirst-api/app.js:79:4)
    at Module._compile (module.js:635:30)
    at Object.Module._extensions..js (module.js:646:10)
    at Module.load (module.js:554:32)
    at tryModuleLoad (module.js:497:12)
    at Function.Module._load (module.js:489:3)
2017-12-20 03:04:39: ================================================================================
2017-12-20 03:04:39: init database at aifirst.cbt97yfhqua0.ap-northeast-2.rds.amazonaws.com:3306
2017-12-20 03:04:39: init token cache at redis.aifirst.kr:6379
2017-12-20 03:04:40: ReferenceError: IAM is not defined
    at Object.<anonymous> (/home/ubuntu/aifirst-api/endpoint/image.js:37:18)
    at Object.<anonymous> (/home/ubuntu/aifirst-api/endpoint/image.js:159:4)
    at Module._compile (module.js:635:30)
    at Object.Module._extensions..js (module.js:646:10)
    at Module.load (module.js:554:32)
    at tryModuleLoad (module.js:497:12)
    at Function.Module._load (module.js:489:3)
    at Module.require (module.js:579:17)
    at require (internal/module.js:11:18)
    at Object.<anonymous> (/home/ubuntu/aifirst-api/app.js:68:21)
    at Object.<anonymous> (/home/ubuntu/aifirst-api/app.js:79:4)
    at Module._compile (module.js:635:30)
    at Object.Module._extensions..js (module.js:646:10)
    at Module.load (module.js:554:32)
    at tryModuleLoad (module.js:497:12)
    at Function.Module._load (module.js:489:3)
2017-12-20 03:04:40: ================================================================================
2017-12-20 03:04:40: init database at aifirst.cbt97yfhqua0.ap-northeast-2.rds.amazonaws.com:3306
2017-12-20 03:04:40: init token cache at redis.aifirst.kr:6379
2017-12-20 03:04:40: ReferenceError: IAM is not defined
    at Object.<anonymous> (/home/ubuntu/aifirst-api/endpoint/image.js:37:18)
    at Object.<anonymous> (/home/ubuntu/aifirst-api/endpoint/image.js:159:4)
    at Module._compile (module.js:635:30)
    at Object.Module._extensions..js (module.js:646:10)
    at Module.load (module.js:554:32)
    at tryModuleLoad (module.js:497:12)
    at Function.Module._load (module.js:489:3)
    at Module.require (module.js:579:17)
    at require (internal/module.js:11:18)
    at Object.<anonymous> (/home/ubuntu/aifirst-api/app.js:68:21)
    at Object.<anonymous> (/home/ubuntu/aifirst-api/app.js:79:4)
    at Module._compile (module.js:635:30)
    at Object.Module._extensions..js (module.js:646:10)
    at Module.load (module.js:554:32)
    at tryModuleLoad (module.js:497:12)
    at Function.Module._load (module.js:489:3)
2017-12-20 03:04:41: ================================================================================
2017-12-20 03:04:41: init database at aifirst.cbt97yfhqua0.ap-northeast-2.rds.amazonaws.com:3306
2017-12-20 03:04:41: init token cache at redis.aifirst.kr:6379
2017-12-20 03:04:41: ReferenceError: IAM is not defined
    at Object.<anonymous> (/home/ubuntu/aifirst-api/endpoint/image.js:37:18)
    at Object.<anonymous> (/home/ubuntu/aifirst-api/endpoint/image.js:159:4)
    at Module._compile (module.js:635:30)
    at Object.Module._extensions..js (module.js:646:10)
    at Module.load (module.js:554:32)
    at tryModuleLoad (module.js:497:12)
    at Function.Module._load (module.js:489:3)
    at Module.require (module.js:579:17)
    at require (internal/module.js:11:18)
    at Object.<anonymous> (/home/ubuntu/aifirst-api/app.js:68:21)
    at Object.<anonymous> (/home/ubuntu/aifirst-api/app.js:79:4)
    at Module._compile (module.js:635:30)
    at Object.Module._extensions..js (module.js:646:10)
    at Module.load (module.js:554:32)
    at tryModuleLoad (module.js:497:12)
    at Function.Module._load (module.js:489:3)
2017-12-20 03:04:41: ================================================================================
2017-12-20 03:04:41: init database at aifirst.cbt97yfhqua0.ap-northeast-2.rds.amazonaws.com:3306
2017-12-20 03:04:41: init token cache at redis.aifirst.kr:6379
2017-12-20 03:04:42: ReferenceError: IAM is not defined
    at Object.<anonymous> (/home/ubuntu/aifirst-api/endpoint/image.js:37:18)
    at Object.<anonymous> (/home/ubuntu/aifirst-api/endpoint/image.js:159:4)
    at Module._compile (module.js:635:30)
    at Object.Module._extensions..js (module.js:646:10)
    at Module.load (module.js:554:32)
    at tryModuleLoad (module.js:497:12)
    at Function.Module._load (module.js:489:3)
    at Module.require (module.js:579:17)
    at require (internal/module.js:11:18)
    at Object.<anonymous> (/home/ubuntu/aifirst-api/app.js:68:21)
    at Object.<anonymous> (/home/ubuntu/aifirst-api/app.js:79:4)
    at Module._compile (module.js:635:30)
    at Object.Module._extensions..js (module.js:646:10)
    at Module.load (module.js:554:32)
    at tryModuleLoad (module.js:497:12)
    at Function.Module._load (module.js:489:3)
2017-12-20 03:04:42: ================================================================================
2017-12-20 03:04:42: init database at aifirst.cbt97yfhqua0.ap-northeast-2.rds.amazonaws.com:3306
2017-12-20 03:04:42: init token cache at redis.aifirst.kr:6379
2017-12-20 03:04:42: ReferenceError: IAM is not defined
    at Object.<anonymous> (/home/ubuntu/aifirst-api/endpoint/image.js:37:18)
    at Object.<anonymous> (/home/ubuntu/aifirst-api/endpoint/image.js:159:4)
    at Module._compile (module.js:635:30)
    at Object.Module._extensions..js (module.js:646:10)
    at Module.load (module.js:554:32)
    at tryModuleLoad (module.js:497:12)
    at Function.Module._load (module.js:489:3)
    at Module.require (module.js:579:17)
    at require (internal/module.js:11:18)
    at Object.<anonymous> (/home/ubuntu/aifirst-api/app.js:68:21)
    at Object.<anonymous> (/home/ubuntu/aifirst-api/app.js:79:4)
    at Module._compile (module.js:635:30)
    at Object.Module._extensions..js (module.js:646:10)
    at Module.load (module.js:554:32)
    at tryModuleLoad (module.js:497:12)
    at Function.Module._load (module.js:489:3)
2017-12-20 03:04:43: ================================================================================
2017-12-20 03:04:43: init database at aifirst.cbt97yfhqua0.ap-northeast-2.rds.amazonaws.com:3306
2017-12-20 03:04:43: init token cache at redis.aifirst.kr:6379
2017-12-20 03:04:43: ReferenceError: IAM is not defined
    at Object.<anonymous> (/home/ubuntu/aifirst-api/endpoint/image.js:37:18)
    at Object.<anonymous> (/home/ubuntu/aifirst-api/endpoint/image.js:159:4)
    at Module._compile (module.js:635:30)
    at Object.Module._extensions..js (module.js:646:10)
    at Module.load (module.js:554:32)
    at tryModuleLoad (module.js:497:12)
    at Function.Module._load (module.js:489:3)
    at Module.require (module.js:579:17)
    at require (internal/module.js:11:18)
    at Object.<anonymous> (/home/ubuntu/aifirst-api/app.js:68:21)
    at Object.<anonymous> (/home/ubuntu/aifirst-api/app.js:79:4)
    at Module._compile (module.js:635:30)
    at Object.Module._extensions..js (module.js:646:10)
    at Module.load (module.js:554:32)
    at tryModuleLoad (module.js:497:12)
    at Function.Module._load (module.js:489:3)
2017-12-20 03:04:43: ================================================================================
2017-12-20 03:04:43: init database at aifirst.cbt97yfhqua0.ap-northeast-2.rds.amazonaws.com:3306
2017-12-20 03:04:43: init token cache at redis.aifirst.kr:6379
2017-12-20 03:04:44: ReferenceError: IAM is not defined
    at Object.<anonymous> (/home/ubuntu/aifirst-api/endpoint/image.js:37:18)
    at Object.<anonymous> (/home/ubuntu/aifirst-api/endpoint/image.js:159:4)
    at Module._compile (module.js:635:30)
    at Object.Module._extensions..js (module.js:646:10)
    at Module.load (module.js:554:32)
    at tryModuleLoad (module.js:497:12)
    at Function.Module._load (module.js:489:3)
    at Module.require (module.js:579:17)
    at require (internal/module.js:11:18)
    at Object.<anonymous> (/home/ubuntu/aifirst-api/app.js:68:21)
    at Object.<anonymous> (/home/ubuntu/aifirst-api/app.js:79:4)
    at Module._compile (module.js:635:30)
    at Object.Module._extensions..js (module.js:646:10)
    at Module.load (module.js:554:32)
    at tryModuleLoad (module.js:497:12)
    at Function.Module._load (module.js:489:3)
2017-12-20 03:04:44: ================================================================================
2017-12-20 03:04:44: init database at aifirst.cbt97yfhqua0.ap-northeast-2.rds.amazonaws.com:3306
2017-12-20 03:04:44: init token cache at redis.aifirst.kr:6379
2017-12-20 03:04:44: ReferenceError: IAM is not defined
    at Object.<anonymous> (/home/ubuntu/aifirst-api/endpoint/image.js:37:18)
    at Object.<anonymous> (/home/ubuntu/aifirst-api/endpoint/image.js:159:4)
    at Module._compile (module.js:635:30)
    at Object.Module._extensions..js (module.js:646:10)
    at Module.load (module.js:554:32)
    at tryModuleLoad (module.js:497:12)
    at Function.Module._load (module.js:489:3)
    at Module.require (module.js:579:17)
    at require (internal/module.js:11:18)
    at Object.<anonymous> (/home/ubuntu/aifirst-api/app.js:68:21)
    at Object.<anonymous> (/home/ubuntu/aifirst-api/app.js:79:4)
    at Module._compile (module.js:635:30)
    at Object.Module._extensions..js (module.js:646:10)
    at Module.load (module.js:554:32)
    at tryModuleLoad (module.js:497:12)
    at Function.Module._load (module.js:489:3)
2017-12-20 03:04:45: ================================================================================
2017-12-20 03:04:45: init database at aifirst.cbt97yfhqua0.ap-northeast-2.rds.amazonaws.com:3306
2017-12-20 03:04:45: init token cache at redis.aifirst.kr:6379
2017-12-20 03:04:45: ReferenceError: IAM is not defined
    at Object.<anonymous> (/home/ubuntu/aifirst-api/endpoint/image.js:37:18)
    at Object.<anonymous> (/home/ubuntu/aifirst-api/endpoint/image.js:159:4)
    at Module._compile (module.js:635:30)
    at Object.Module._extensions..js (module.js:646:10)
    at Module.load (module.js:554:32)
    at tryModuleLoad (module.js:497:12)
    at Function.Module._load (module.js:489:3)
    at Module.require (module.js:579:17)
    at require (internal/module.js:11:18)
    at Object.<anonymous> (/home/ubuntu/aifirst-api/app.js:68:21)
    at Object.<anonymous> (/home/ubuntu/aifirst-api/app.js:79:4)
    at Module._compile (module.js:635:30)
    at Object.Module._extensions..js (module.js:646:10)
    at Module.load (module.js:554:32)
    at tryModuleLoad (module.js:497:12)
    at Function.Module._load (module.js:489:3)
2017-12-20 03:04:45: ================================================================================
2017-12-20 03:04:45: init database at aifirst.cbt97yfhqua0.ap-northeast-2.rds.amazonaws.com:3306
2017-12-20 03:04:45: init token cache at redis.aifirst.kr:6379
2017-12-20 03:04:46: ReferenceError: IAM is not defined
    at Object.<anonymous> (/home/ubuntu/aifirst-api/endpoint/image.js:37:18)
    at Object.<anonymous> (/home/ubuntu/aifirst-api/endpoint/image.js:159:4)
    at Module._compile (module.js:635:30)
    at Object.Module._extensions..js (module.js:646:10)
    at Module.load (module.js:554:32)
    at tryModuleLoad (module.js:497:12)
    at Function.Module._load (module.js:489:3)
    at Module.require (module.js:579:17)
    at require (internal/module.js:11:18)
    at Object.<anonymous> (/home/ubuntu/aifirst-api/app.js:68:21)
    at Object.<anonymous> (/home/ubuntu/aifirst-api/app.js:79:4)
    at Module._compile (module.js:635:30)
    at Object.Module._extensions..js (module.js:646:10)
    at Module.load (module.js:554:32)
    at tryModuleLoad (module.js:497:12)
    at Function.Module._load (module.js:489:3)
2017-12-20 03:04:46: ================================================================================
2017-12-20 03:04:46: init database at aifirst.cbt97yfhqua0.ap-northeast-2.rds.amazonaws.com:3306
2017-12-20 03:04:46: init token cache at redis.aifirst.kr:6379
2017-12-20 03:04:46: ReferenceError: IAM is not defined
    at Object.<anonymous> (/home/ubuntu/aifirst-api/endpoint/image.js:37:18)
    at Object.<anonymous> (/home/ubuntu/aifirst-api/endpoint/image.js:159:4)
    at Module._compile (module.js:635:30)
    at Object.Module._extensions..js (module.js:646:10)
    at Module.load (module.js:554:32)
    at tryModuleLoad (module.js:497:12)
    at Function.Module._load (module.js:489:3)
    at Module.require (module.js:579:17)
    at require (internal/module.js:11:18)
    at Object.<anonymous> (/home/ubuntu/aifirst-api/app.js:68:21)
    at Object.<anonymous> (/home/ubuntu/aifirst-api/app.js:79:4)
    at Module._compile (module.js:635:30)
    at Object.Module._extensions..js (module.js:646:10)
    at Module.load (module.js:554:32)
    at tryModuleLoad (module.js:497:12)
    at Function.Module._load (module.js:489:3)
2017-12-20 03:04:46: ================================================================================
2017-12-20 03:04:46: init database at aifirst.cbt97yfhqua0.ap-northeast-2.rds.amazonaws.com:3306
2017-12-20 03:04:47: init token cache at redis.aifirst.kr:6379
2017-12-20 03:04:47: ReferenceError: IAM is not defined
    at Object.<anonymous> (/home/ubuntu/aifirst-api/endpoint/image.js:37:18)
    at Object.<anonymous> (/home/ubuntu/aifirst-api/endpoint/image.js:159:4)
    at Module._compile (module.js:635:30)
    at Object.Module._extensions..js (module.js:646:10)
    at Module.load (module.js:554:32)
    at tryModuleLoad (module.js:497:12)
    at Function.Module._load (module.js:489:3)
    at Module.require (module.js:579:17)
    at require (internal/module.js:11:18)
    at Object.<anonymous> (/home/ubuntu/aifirst-api/app.js:68:21)
    at Object.<anonymous> (/home/ubuntu/aifirst-api/app.js:79:4)
    at Module._compile (module.js:635:30)
    at Object.Module._extensions..js (module.js:646:10)
    at Module.load (module.js:554:32)
    at tryModuleLoad (module.js:497:12)
    at Function.Module._load (module.js:489:3)
2017-12-20 03:04:47: ================================================================================
2017-12-20 03:04:47: init database at aifirst.cbt97yfhqua0.ap-northeast-2.rds.amazonaws.com:3306
2017-12-20 03:04:47: init token cache at redis.aifirst.kr:6379
2017-12-20 03:04:48: ReferenceError: IAM is not defined
    at Object.<anonymous> (/home/ubuntu/aifirst-api/endpoint/image.js:37:18)
    at Object.<anonymous> (/home/ubuntu/aifirst-api/endpoint/image.js:159:4)
    at Module._compile (module.js:635:30)
    at Object.Module._extensions..js (module.js:646:10)
    at Module.load (module.js:554:32)
    at tryModuleLoad (module.js:497:12)
    at Function.Module._load (module.js:489:3)
    at Module.require (module.js:579:17)
    at require (internal/module.js:11:18)
    at Object.<anonymous> (/home/ubuntu/aifirst-api/app.js:68:21)
    at Object.<anonymous> (/home/ubuntu/aifirst-api/app.js:79:4)
    at Module._compile (module.js:635:30)
    at Object.Module._extensions..js (module.js:646:10)
    at Module.load (module.js:554:32)
    at tryModuleLoad (module.js:497:12)
    at Function.Module._load (module.js:489:3)
2017-12-20 03:04:48: ================================================================================
2017-12-20 03:04:48: init database at aifirst.cbt97yfhqua0.ap-northeast-2.rds.amazonaws.com:3306
2017-12-20 03:04:48: init token cache at redis.aifirst.kr:6379
2017-12-20 03:04:48: ReferenceError: IAM is not defined
    at Object.<anonymous> (/home/ubuntu/aifirst-api/endpoint/image.js:37:18)
    at Object.<anonymous> (/home/ubuntu/aifirst-api/endpoint/image.js:159:4)
    at Module._compile (module.js:635:30)
    at Object.Module._extensions..js (module.js:646:10)
    at Module.load (module.js:554:32)
    at tryModuleLoad (module.js:497:12)
    at Function.Module._load (module.js:489:3)
    at Module.require (module.js:579:17)
    at require (internal/module.js:11:18)
    at Object.<anonymous> (/home/ubuntu/aifirst-api/app.js:68:21)
    at Object.<anonymous> (/home/ubuntu/aifirst-api/app.js:79:4)
    at Module._compile (module.js:635:30)
    at Object.Module._extensions..js (module.js:646:10)
    at Module.load (module.js:554:32)
    at tryModuleLoad (module.js:497:12)
    at Function.Module._load (module.js:489:3)
2017-12-20 03:04:48: ================================================================================
2017-12-20 03:04:48: init database at aifirst.cbt97yfhqua0.ap-northeast-2.rds.amazonaws.com:3306
2017-12-20 03:04:48: init token cache at redis.aifirst.kr:6379
2017-12-20 03:04:49: ReferenceError: IAM is not defined
    at Object.<anonymous> (/home/ubuntu/aifirst-api/endpoint/image.js:37:18)
    at Object.<anonymous> (/home/ubuntu/aifirst-api/endpoint/image.js:159:4)
    at Module._compile (module.js:635:30)
    at Object.Module._extensions..js (module.js:646:10)
    at Module.load (module.js:554:32)
    at tryModuleLoad (module.js:497:12)
    at Function.Module._load (module.js:489:3)
    at Module.require (module.js:579:17)
    at require (internal/module.js:11:18)
    at Object.<anonymous> (/home/ubuntu/aifirst-api/app.js:68:21)
    at Object.<anonymous> (/home/ubuntu/aifirst-api/app.js:79:4)
    at Module._compile (module.js:635:30)
    at Object.Module._extensions..js (module.js:646:10)
    at Module.load (module.js:554:32)
    at tryModuleLoad (module.js:497:12)
    at Function.Module._load (module.js:489:3)
2017-12-20 03:04:49: ================================================================================
2017-12-20 03:04:49: init database at aifirst.cbt97yfhqua0.ap-northeast-2.rds.amazonaws.com:3306
2017-12-20 03:04:49: init token cache at redis.aifirst.kr:6379
2017-12-20 03:04:49: ReferenceError: IAM is not defined
    at Object.<anonymous> (/home/ubuntu/aifirst-api/endpoint/image.js:37:18)
    at Object.<anonymous> (/home/ubuntu/aifirst-api/endpoint/image.js:159:4)
    at Module._compile (module.js:635:30)
    at Object.Module._extensions..js (module.js:646:10)
    at Module.load (module.js:554:32)
    at tryModuleLoad (module.js:497:12)
    at Function.Module._load (module.js:489:3)
    at Module.require (module.js:579:17)
    at require (internal/module.js:11:18)
    at Object.<anonymous> (/home/ubuntu/aifirst-api/app.js:68:21)
    at Object.<anonymous> (/home/ubuntu/aifirst-api/app.js:79:4)
    at Module._compile (module.js:635:30)
    at Object.Module._extensions..js (module.js:646:10)
    at Module.load (module.js:554:32)
    at tryModuleLoad (module.js:497:12)
    at Function.Module._load (module.js:489:3)
2017-12-20 03:06:05: ================================================================================
2017-12-20 03:06:05: init database at aifirst.cbt97yfhqua0.ap-northeast-2.rds.amazonaws.com:3306
2017-12-20 03:06:05: init token cache at redis.aifirst.kr:6379
2017-12-20 03:06:05: AI FIRST Web Service Startup at localhost:8081
2017-12-20 03:08:37: ================================================================================
2017-12-20 03:08:37: init database at aifirst.cbt97yfhqua0.ap-northeast-2.rds.amazonaws.com:3306
2017-12-20 03:08:37: init token cache at redis.aifirst.kr:6379
2017-12-20 03:08:38: AI FIRST Web Service Startup at localhost:8081
2017-12-20 04:54:28: ================================================================================
2017-12-20 04:54:28: init database at aifirst.cbt97yfhqua0.ap-northeast-2.rds.amazonaws.com:3306
2017-12-20 04:54:28: init token cache at redis.aifirst.kr:6379
2017-12-20 04:54:28: AI FIRST Web Service Startup at localhost:8081
2017-12-20 05:13:50: ================================================================================
2017-12-20 05:13:50: init database at aifirst.cbt97yfhqua0.ap-northeast-2.rds.amazonaws.com:3306
2017-12-20 05:13:50: init token cache at redis.aifirst.kr:6379
2017-12-20 05:13:51: AI FIRST Web Service Startup at localhost:8081
2017-12-20 05:45:58: ================================================================================
2017-12-20 05:45:58: init database at aifirst.cbt97yfhqua0.ap-northeast-2.rds.amazonaws.com:3306
2017-12-20 05:45:58: init token cache at redis.aifirst.kr:6379
2017-12-20 05:45:58: AI FIRST Web Service Startup at localhost:8081
2017-12-20 06:20:37: SyntaxError: Unexpected token # in JSON at position 0
    at JSON.parse (<anonymous>)
    at createStrictSyntaxError (/home/ubuntu/aifirst-api/node_modules/body-parser/lib/types/json.js:157:10)
    at parse (/home/ubuntu/aifirst-api/node_modules/body-parser/lib/types/json.js:83:15)
    at /home/ubuntu/aifirst-api/node_modules/body-parser/lib/read.js:121:18
    at invokeCallback (/home/ubuntu/aifirst-api/node_modules/raw-body/index.js:224:16)
    at done (/home/ubuntu/aifirst-api/node_modules/raw-body/index.js:213:7)
    at IncomingMessage.onEnd (/home/ubuntu/aifirst-api/node_modules/raw-body/index.js:273:7)
    at emitNone (events.js:106:13)
    at IncomingMessage.emit (events.js:208:7)
    at endReadableNT (_stream_readable.js:1056:12)
    at _combinedTickCallback (internal/process/next_tick.js:138:11)
    at process._tickDomainCallback (internal/process/next_tick.js:218:9)
2017-12-20 06:20:46: SyntaxError: Unexpected token # in JSON at position 0
    at JSON.parse (<anonymous>)
    at createStrictSyntaxError (/home/ubuntu/aifirst-api/node_modules/body-parser/lib/types/json.js:157:10)
    at parse (/home/ubuntu/aifirst-api/node_modules/body-parser/lib/types/json.js:83:15)
    at /home/ubuntu/aifirst-api/node_modules/body-parser/lib/read.js:121:18
    at invokeCallback (/home/ubuntu/aifirst-api/node_modules/raw-body/index.js:224:16)
    at done (/home/ubuntu/aifirst-api/node_modules/raw-body/index.js:213:7)
    at IncomingMessage.onEnd (/home/ubuntu/aifirst-api/node_modules/raw-body/index.js:273:7)
    at emitNone (events.js:106:13)
    at IncomingMessage.emit (events.js:208:7)
    at endReadableNT (_stream_readable.js:1056:12)
    at _combinedTickCallback (internal/process/next_tick.js:138:11)
    at process._tickDomainCallback (internal/process/next_tick.js:218:9)
2017-12-20 06:21:04: SyntaxError: Unexpected token # in JSON at position 0
    at JSON.parse (<anonymous>)
    at createStrictSyntaxError (/home/ubuntu/aifirst-api/node_modules/body-parser/lib/types/json.js:157:10)
    at parse (/home/ubuntu/aifirst-api/node_modules/body-parser/lib/types/json.js:83:15)
    at /home/ubuntu/aifirst-api/node_modules/body-parser/lib/read.js:121:18
    at invokeCallback (/home/ubuntu/aifirst-api/node_modules/raw-body/index.js:224:16)
    at done (/home/ubuntu/aifirst-api/node_modules/raw-body/index.js:213:7)
    at IncomingMessage.onEnd (/home/ubuntu/aifirst-api/node_modules/raw-body/index.js:273:7)
    at emitNone (events.js:106:13)
    at IncomingMessage.emit (events.js:208:7)
    at endReadableNT (_stream_readable.js:1056:12)
    at _combinedTickCallback (internal/process/next_tick.js:138:11)
    at process._tickDomainCallback (internal/process/next_tick.js:218:9)
2017-12-20 06:21:57: PayloadTooLargeError: request entity too large
    at readStream (/home/ubuntu/aifirst-api/node_modules/raw-body/index.js:155:17)
    at getRawBody (/home/ubuntu/aifirst-api/node_modules/raw-body/index.js:108:12)
    at read (/home/ubuntu/aifirst-api/node_modules/body-parser/lib/read.js:77:3)
    at urlencodedParser (/home/ubuntu/aifirst-api/node_modules/body-parser/lib/types/urlencoded.js:116:5)
    at Layer.handle [as handle_request] (/home/ubuntu/aifirst-api/node_modules/express/lib/router/layer.js:95:5)
    at trim_prefix (/home/ubuntu/aifirst-api/node_modules/express/lib/router/index.js:317:13)
    at /home/ubuntu/aifirst-api/node_modules/express/lib/router/index.js:284:7
    at Function.process_params (/home/ubuntu/aifirst-api/node_modules/express/lib/router/index.js:335:12)
    at next (/home/ubuntu/aifirst-api/node_modules/express/lib/router/index.js:275:10)
    at jsonParser (/home/ubuntu/aifirst-api/node_modules/body-parser/lib/types/json.js:118:7)
    at Layer.handle [as handle_request] (/home/ubuntu/aifirst-api/node_modules/express/lib/router/layer.js:95:5)
    at trim_prefix (/home/ubuntu/aifirst-api/node_modules/express/lib/router/index.js:317:13)
    at /home/ubuntu/aifirst-api/node_modules/express/lib/router/index.js:284:7
    at Function.process_params (/home/ubuntu/aifirst-api/node_modules/express/lib/router/index.js:335:12)
    at next (/home/ubuntu/aifirst-api/node_modules/express/lib/router/index.js:275:10)
    at internalNext (/home/ubuntu/aifirst-api/node_modules/helmet/index.js:45:33)
2017-12-20 06:22:03: PayloadTooLargeError: request entity too large
    at readStream (/home/ubuntu/aifirst-api/node_modules/raw-body/index.js:155:17)
    at getRawBody (/home/ubuntu/aifirst-api/node_modules/raw-body/index.js:108:12)
    at read (/home/ubuntu/aifirst-api/node_modules/body-parser/lib/read.js:77:3)
    at urlencodedParser (/home/ubuntu/aifirst-api/node_modules/body-parser/lib/types/urlencoded.js:116:5)
    at Layer.handle [as handle_request] (/home/ubuntu/aifirst-api/node_modules/express/lib/router/layer.js:95:5)
    at trim_prefix (/home/ubuntu/aifirst-api/node_modules/express/lib/router/index.js:317:13)
    at /home/ubuntu/aifirst-api/node_modules/express/lib/router/index.js:284:7
    at Function.process_params (/home/ubuntu/aifirst-api/node_modules/express/lib/router/index.js:335:12)
    at next (/home/ubuntu/aifirst-api/node_modules/express/lib/router/index.js:275:10)
    at jsonParser (/home/ubuntu/aifirst-api/node_modules/body-parser/lib/types/json.js:118:7)
    at Layer.handle [as handle_request] (/home/ubuntu/aifirst-api/node_modules/express/lib/router/layer.js:95:5)
    at trim_prefix (/home/ubuntu/aifirst-api/node_modules/express/lib/router/index.js:317:13)
    at /home/ubuntu/aifirst-api/node_modules/express/lib/router/index.js:284:7
    at Function.process_params (/home/ubuntu/aifirst-api/node_modules/express/lib/router/index.js:335:12)
    at next (/home/ubuntu/aifirst-api/node_modules/express/lib/router/index.js:275:10)
    at internalNext (/home/ubuntu/aifirst-api/node_modules/helmet/index.js:45:33)
