2017-12-19 15:00:10: node_redis: Deprecated: The SET command contains a "undefined" argument.
This is converted to a "undefined" string now and will return an error from v.3.0 on.
Please handle this in your code to make sure everything works as you intended it to.
2017-12-19 15:00:10: node_redis: Deprecated: The EXPIRE command contains a "undefined" argument.
This is converted to a "undefined" string now and will return an error from v.3.0 on.
Please handle this in your code to make sure everything works as you intended it to.
2017-12-19 15:03:12: node_redis: Deprecated: The SET command contains a "undefined" argument.
This is converted to a "undefined" string now and will return an error from v.3.0 on.
Please handle this in your code to make sure everything works as you intended it to.
2017-12-19 15:03:12: node_redis: Deprecated: The EXPIRE command contains a "undefined" argument.
This is converted to a "undefined" string now and will return an error from v.3.0 on.
Please handle this in your code to make sure everything works as you intended it to.
2017-12-19 15:03:55: node_redis: Deprecated: The SET command contains a "undefined" argument.
This is converted to a "undefined" string now and will return an error from v.3.0 on.
Please handle this in your code to make sure everything works as you intended it to.
2017-12-19 15:03:55: node_redis: Deprecated: The EXPIRE command contains a "undefined" argument.
This is converted to a "undefined" string now and will return an error from v.3.0 on.
Please handle this in your code to make sure everything works as you intended it to.
2017-12-19 15:06:10: node_redis: Deprecated: The SET command contains a "undefined" argument.
This is converted to a "undefined" string now and will return an error from v.3.0 on.
Please handle this in your code to make sure everything works as you intended it to.
2017-12-19 15:06:10: node_redis: Deprecated: The EXPIRE command contains a "undefined" argument.
This is converted to a "undefined" string now and will return an error from v.3.0 on.
Please handle this in your code to make sure everything works as you intended it to.
2017-12-20 03:02:22: ReferenceError: IAM is not defined
    at Object.<anonymous> (/home/ubuntu/aifirst-api/endpoint/image.js:37:18)
    at Object.<anonymous> (/home/ubuntu/aifirst-api/endpoint/image.js:159:4)
    at Module._compile (module.js:635:30)
    at Object.Module._extensions..js (module.js:646:10)
    at Module.load (module.js:554:32)
    at tryModuleLoad (module.js:497:12)
    at Function.Module._load (module.js:489:3)
    at Module.require (module.js:579:17)
    at require (internal/module.js:11:18)
    at Object.<anonymous> (/home/ubuntu/aifirst-api/app.js:68:21)
    at Object.<anonymous> (/home/ubuntu/aifirst-api/app.js:79:4)
    at Module._compile (module.js:635:30)
    at Object.Module._extensions..js (module.js:646:10)
    at Module.load (module.js:554:32)
    at tryModuleLoad (module.js:497:12)
    at Function.Module._load (module.js:489:3)
2017-12-20 03:02:22: ReferenceError: IAM is not defined
    at Object.<anonymous> (/home/ubuntu/aifirst-api/endpoint/image.js:37:18)
    at Object.<anonymous> (/home/ubuntu/aifirst-api/endpoint/image.js:159:4)
    at Module._compile (module.js:635:30)
    at Object.Module._extensions..js (module.js:646:10)
    at Module.load (module.js:554:32)
    at tryModuleLoad (module.js:497:12)
    at Function.Module._load (module.js:489:3)
    at Module.require (module.js:579:17)
    at require (internal/module.js:11:18)
    at Object.<anonymous> (/home/ubuntu/aifirst-api/app.js:68:21)
    at Object.<anonymous> (/home/ubuntu/aifirst-api/app.js:79:4)
    at Module._compile (module.js:635:30)
    at Object.Module._extensions..js (module.js:646:10)
    at Module.load (module.js:554:32)
    at tryModuleLoad (module.js:497:12)
    at Function.Module._load (module.js:489:3)
2017-12-20 03:02:23: ReferenceError: IAM is not defined
    at Object.<anonymous> (/home/ubuntu/aifirst-api/endpoint/image.js:37:18)
    at Object.<anonymous> (/home/ubuntu/aifirst-api/endpoint/image.js:159:4)
    at Module._compile (module.js:635:30)
    at Object.Module._extensions..js (module.js:646:10)
    at Module.load (module.js:554:32)
    at tryModuleLoad (module.js:497:12)
    at Function.Module._load (module.js:489:3)
    at Module.require (module.js:579:17)
    at require (internal/module.js:11:18)
    at Object.<anonymous> (/home/ubuntu/aifirst-api/app.js:68:21)
    at Object.<anonymous> (/home/ubuntu/aifirst-api/app.js:79:4)
    at Module._compile (module.js:635:30)
    at Object.Module._extensions..js (module.js:646:10)
    at Module.load (module.js:554:32)
    at tryModuleLoad (module.js:497:12)
    at Function.Module._load (module.js:489:3)
2017-12-20 03:02:23: ReferenceError: IAM is not defined
    at Object.<anonymous> (/home/ubuntu/aifirst-api/endpoint/image.js:37:18)
    at Object.<anonymous> (/home/ubuntu/aifirst-api/endpoint/image.js:159:4)
    at Module._compile (module.js:635:30)
    at Object.Module._extensions..js (module.js:646:10)
    at Module.load (module.js:554:32)
    at tryModuleLoad (module.js:497:12)
    at Function.Module._load (module.js:489:3)
    at Module.require (module.js:579:17)
    at require (internal/module.js:11:18)
    at Object.<anonymous> (/home/ubuntu/aifirst-api/app.js:68:21)
    at Object.<anonymous> (/home/ubuntu/aifirst-api/app.js:79:4)
    at Module._compile (module.js:635:30)
    at Object.Module._extensions..js (module.js:646:10)
    at Module.load (module.js:554:32)
    at tryModuleLoad (module.js:497:12)
    at Function.Module._load (module.js:489:3)
2017-12-20 03:02:24: ReferenceError: IAM is not defined
    at Object.<anonymous> (/home/ubuntu/aifirst-api/endpoint/image.js:37:18)
    at Object.<anonymous> (/home/ubuntu/aifirst-api/endpoint/image.js:159:4)
    at Module._compile (module.js:635:30)
    at Object.Module._extensions..js (module.js:646:10)
    at Module.load (module.js:554:32)
    at tryModuleLoad (module.js:497:12)
    at Function.Module._load (module.js:489:3)
    at Module.require (module.js:579:17)
    at require (internal/module.js:11:18)
    at Object.<anonymous> (/home/ubuntu/aifirst-api/app.js:68:21)
    at Object.<anonymous> (/home/ubuntu/aifirst-api/app.js:79:4)
    at Module._compile (module.js:635:30)
    at Object.Module._extensions..js (module.js:646:10)
    at Module.load (module.js:554:32)
    at tryModuleLoad (module.js:497:12)
    at Function.Module._load (module.js:489:3)
2017-12-20 03:02:25: ReferenceError: IAM is not defined
    at Object.<anonymous> (/home/ubuntu/aifirst-api/endpoint/image.js:37:18)
    at Object.<anonymous> (/home/ubuntu/aifirst-api/endpoint/image.js:159:4)
    at Module._compile (module.js:635:30)
    at Object.Module._extensions..js (module.js:646:10)
    at Module.load (module.js:554:32)
    at tryModuleLoad (module.js:497:12)
    at Function.Module._load (module.js:489:3)
    at Module.require (module.js:579:17)
    at require (internal/module.js:11:18)
    at Object.<anonymous> (/home/ubuntu/aifirst-api/app.js:68:21)
    at Object.<anonymous> (/home/ubuntu/aifirst-api/app.js:79:4)
    at Module._compile (module.js:635:30)
    at Object.Module._extensions..js (module.js:646:10)
    at Module.load (module.js:554:32)
    at tryModuleLoad (module.js:497:12)
    at Function.Module._load (module.js:489:3)
2017-12-20 03:02:25: ReferenceError: IAM is not defined
    at Object.<anonymous> (/home/ubuntu/aifirst-api/endpoint/image.js:37:18)
    at Object.<anonymous> (/home/ubuntu/aifirst-api/endpoint/image.js:159:4)
    at Module._compile (module.js:635:30)
    at Object.Module._extensions..js (module.js:646:10)
    at Module.load (module.js:554:32)
    at tryModuleLoad (module.js:497:12)
    at Function.Module._load (module.js:489:3)
    at Module.require (module.js:579:17)
    at require (internal/module.js:11:18)
    at Object.<anonymous> (/home/ubuntu/aifirst-api/app.js:68:21)
    at Object.<anonymous> (/home/ubuntu/aifirst-api/app.js:79:4)
    at Module._compile (module.js:635:30)
    at Object.Module._extensions..js (module.js:646:10)
    at Module.load (module.js:554:32)
    at tryModuleLoad (module.js:497:12)
    at Function.Module._load (module.js:489:3)
2017-12-20 03:02:26: ReferenceError: IAM is not defined
    at Object.<anonymous> (/home/ubuntu/aifirst-api/endpoint/image.js:37:18)
    at Object.<anonymous> (/home/ubuntu/aifirst-api/endpoint/image.js:159:4)
    at Module._compile (module.js:635:30)
    at Object.Module._extensions..js (module.js:646:10)
    at Module.load (module.js:554:32)
    at tryModuleLoad (module.js:497:12)
    at Function.Module._load (module.js:489:3)
    at Module.require (module.js:579:17)
    at require (internal/module.js:11:18)
    at Object.<anonymous> (/home/ubuntu/aifirst-api/app.js:68:21)
    at Object.<anonymous> (/home/ubuntu/aifirst-api/app.js:79:4)
    at Module._compile (module.js:635:30)
    at Object.Module._extensions..js (module.js:646:10)
    at Module.load (module.js:554:32)
    at tryModuleLoad (module.js:497:12)
    at Function.Module._load (module.js:489:3)
2017-12-20 03:02:27: ReferenceError: IAM is not defined
    at Object.<anonymous> (/home/ubuntu/aifirst-api/endpoint/image.js:37:18)
    at Object.<anonymous> (/home/ubuntu/aifirst-api/endpoint/image.js:159:4)
    at Module._compile (module.js:635:30)
    at Object.Module._extensions..js (module.js:646:10)
    at Module.load (module.js:554:32)
    at tryModuleLoad (module.js:497:12)
    at Function.Module._load (module.js:489:3)
    at Module.require (module.js:579:17)
    at require (internal/module.js:11:18)
    at Object.<anonymous> (/home/ubuntu/aifirst-api/app.js:68:21)
    at Object.<anonymous> (/home/ubuntu/aifirst-api/app.js:79:4)
    at Module._compile (module.js:635:30)
    at Object.Module._extensions..js (module.js:646:10)
    at Module.load (module.js:554:32)
    at tryModuleLoad (module.js:497:12)
    at Function.Module._load (module.js:489:3)
2017-12-20 03:02:27: ReferenceError: IAM is not defined
    at Object.<anonymous> (/home/ubuntu/aifirst-api/endpoint/image.js:37:18)
    at Object.<anonymous> (/home/ubuntu/aifirst-api/endpoint/image.js:159:4)
    at Module._compile (module.js:635:30)
    at Object.Module._extensions..js (module.js:646:10)
    at Module.load (module.js:554:32)
    at tryModuleLoad (module.js:497:12)
    at Function.Module._load (module.js:489:3)
    at Module.require (module.js:579:17)
    at require (internal/module.js:11:18)
    at Object.<anonymous> (/home/ubuntu/aifirst-api/app.js:68:21)
    at Object.<anonymous> (/home/ubuntu/aifirst-api/app.js:79:4)
    at Module._compile (module.js:635:30)
    at Object.Module._extensions..js (module.js:646:10)
    at Module.load (module.js:554:32)
    at tryModuleLoad (module.js:497:12)
    at Function.Module._load (module.js:489:3)
2017-12-20 03:02:28: ReferenceError: IAM is not defined
    at Object.<anonymous> (/home/ubuntu/aifirst-api/endpoint/image.js:37:18)
    at Object.<anonymous> (/home/ubuntu/aifirst-api/endpoint/image.js:159:4)
    at Module._compile (module.js:635:30)
    at Object.Module._extensions..js (module.js:646:10)
    at Module.load (module.js:554:32)
    at tryModuleLoad (module.js:497:12)
    at Function.Module._load (module.js:489:3)
    at Module.require (module.js:579:17)
    at require (internal/module.js:11:18)
    at Object.<anonymous> (/home/ubuntu/aifirst-api/app.js:68:21)
    at Object.<anonymous> (/home/ubuntu/aifirst-api/app.js:79:4)
    at Module._compile (module.js:635:30)
    at Object.Module._extensions..js (module.js:646:10)
    at Module.load (module.js:554:32)
    at tryModuleLoad (module.js:497:12)
    at Function.Module._load (module.js:489:3)
2017-12-20 03:02:29: ReferenceError: IAM is not defined
    at Object.<anonymous> (/home/ubuntu/aifirst-api/endpoint/image.js:37:18)
    at Object.<anonymous> (/home/ubuntu/aifirst-api/endpoint/image.js:159:4)
    at Module._compile (module.js:635:30)
    at Object.Module._extensions..js (module.js:646:10)
    at Module.load (module.js:554:32)
    at tryModuleLoad (module.js:497:12)
    at Function.Module._load (module.js:489:3)
    at Module.require (module.js:579:17)
    at require (internal/module.js:11:18)
    at Object.<anonymous> (/home/ubuntu/aifirst-api/app.js:68:21)
    at Object.<anonymous> (/home/ubuntu/aifirst-api/app.js:79:4)
    at Module._compile (module.js:635:30)
    at Object.Module._extensions..js (module.js:646:10)
    at Module.load (module.js:554:32)
    at tryModuleLoad (module.js:497:12)
    at Function.Module._load (module.js:489:3)
2017-12-20 03:02:29: ReferenceError: IAM is not defined
    at Object.<anonymous> (/home/ubuntu/aifirst-api/endpoint/image.js:37:18)
    at Object.<anonymous> (/home/ubuntu/aifirst-api/endpoint/image.js:159:4)
    at Module._compile (module.js:635:30)
    at Object.Module._extensions..js (module.js:646:10)
    at Module.load (module.js:554:32)
    at tryModuleLoad (module.js:497:12)
    at Function.Module._load (module.js:489:3)
    at Module.require (module.js:579:17)
    at require (internal/module.js:11:18)
    at Object.<anonymous> (/home/ubuntu/aifirst-api/app.js:68:21)
    at Object.<anonymous> (/home/ubuntu/aifirst-api/app.js:79:4)
    at Module._compile (module.js:635:30)
    at Object.Module._extensions..js (module.js:646:10)
    at Module.load (module.js:554:32)
    at tryModuleLoad (module.js:497:12)
    at Function.Module._load (module.js:489:3)
2017-12-20 03:02:30: ReferenceError: IAM is not defined
    at Object.<anonymous> (/home/ubuntu/aifirst-api/endpoint/image.js:37:18)
    at Object.<anonymous> (/home/ubuntu/aifirst-api/endpoint/image.js:159:4)
    at Module._compile (module.js:635:30)
    at Object.Module._extensions..js (module.js:646:10)
    at Module.load (module.js:554:32)
    at tryModuleLoad (module.js:497:12)
    at Function.Module._load (module.js:489:3)
    at Module.require (module.js:579:17)
    at require (internal/module.js:11:18)
    at Object.<anonymous> (/home/ubuntu/aifirst-api/app.js:68:21)
    at Object.<anonymous> (/home/ubuntu/aifirst-api/app.js:79:4)
    at Module._compile (module.js:635:30)
    at Object.Module._extensions..js (module.js:646:10)
    at Module.load (module.js:554:32)
    at tryModuleLoad (module.js:497:12)
    at Function.Module._load (module.js:489:3)
2017-12-20 03:02:31: ReferenceError: IAM is not defined
    at Object.<anonymous> (/home/ubuntu/aifirst-api/endpoint/image.js:37:18)
    at Object.<anonymous> (/home/ubuntu/aifirst-api/endpoint/image.js:159:4)
    at Module._compile (module.js:635:30)
    at Object.Module._extensions..js (module.js:646:10)
    at Module.load (module.js:554:32)
    at tryModuleLoad (module.js:497:12)
    at Function.Module._load (module.js:489:3)
    at Module.require (module.js:579:17)
    at require (internal/module.js:11:18)
    at Object.<anonymous> (/home/ubuntu/aifirst-api/app.js:68:21)
    at Object.<anonymous> (/home/ubuntu/aifirst-api/app.js:79:4)
    at Module._compile (module.js:635:30)
    at Object.Module._extensions..js (module.js:646:10)
    at Module.load (module.js:554:32)
    at tryModuleLoad (module.js:497:12)
    at Function.Module._load (module.js:489:3)
2017-12-20 03:02:31: ReferenceError: IAM is not defined
    at Object.<anonymous> (/home/ubuntu/aifirst-api/endpoint/image.js:37:18)
    at Object.<anonymous> (/home/ubuntu/aifirst-api/endpoint/image.js:159:4)
    at Module._compile (module.js:635:30)
    at Object.Module._extensions..js (module.js:646:10)
    at Module.load (module.js:554:32)
    at tryModuleLoad (module.js:497:12)
    at Function.Module._load (module.js:489:3)
    at Module.require (module.js:579:17)
    at require (internal/module.js:11:18)
    at Object.<anonymous> (/home/ubuntu/aifirst-api/app.js:68:21)
    at Object.<anonymous> (/home/ubuntu/aifirst-api/app.js:79:4)
    at Module._compile (module.js:635:30)
    at Object.Module._extensions..js (module.js:646:10)
    at Module.load (module.js:554:32)
    at tryModuleLoad (module.js:497:12)
    at Function.Module._load (module.js:489:3)
2017-12-20 03:04:04: ReferenceError: IAM is not defined
    at Object.<anonymous> (/home/ubuntu/aifirst-api/endpoint/image.js:37:18)
    at Object.<anonymous> (/home/ubuntu/aifirst-api/endpoint/image.js:159:4)
    at Module._compile (module.js:635:30)
    at Object.Module._extensions..js (module.js:646:10)
    at Module.load (module.js:554:32)
    at tryModuleLoad (module.js:497:12)
    at Function.Module._load (module.js:489:3)
    at Module.require (module.js:579:17)
    at require (internal/module.js:11:18)
    at Object.<anonymous> (/home/ubuntu/aifirst-api/app.js:68:21)
    at Object.<anonymous> (/home/ubuntu/aifirst-api/app.js:79:4)
    at Module._compile (module.js:635:30)
    at Object.Module._extensions..js (module.js:646:10)
    at Module.load (module.js:554:32)
    at tryModuleLoad (module.js:497:12)
    at Function.Module._load (module.js:489:3)
2017-12-20 03:04:05: ReferenceError: IAM is not defined
    at Object.<anonymous> (/home/ubuntu/aifirst-api/endpoint/image.js:37:18)
    at Object.<anonymous> (/home/ubuntu/aifirst-api/endpoint/image.js:159:4)
    at Module._compile (module.js:635:30)
    at Object.Module._extensions..js (module.js:646:10)
    at Module.load (module.js:554:32)
    at tryModuleLoad (module.js:497:12)
    at Function.Module._load (module.js:489:3)
    at Module.require (module.js:579:17)
    at require (internal/module.js:11:18)
    at Object.<anonymous> (/home/ubuntu/aifirst-api/app.js:68:21)
    at Object.<anonymous> (/home/ubuntu/aifirst-api/app.js:79:4)
    at Module._compile (module.js:635:30)
    at Object.Module._extensions..js (module.js:646:10)
    at Module.load (module.js:554:32)
    at tryModuleLoad (module.js:497:12)
    at Function.Module._load (module.js:489:3)
2017-12-20 03:04:06: ReferenceError: IAM is not defined
    at Object.<anonymous> (/home/ubuntu/aifirst-api/endpoint/image.js:37:18)
    at Object.<anonymous> (/home/ubuntu/aifirst-api/endpoint/image.js:159:4)
    at Module._compile (module.js:635:30)
    at Object.Module._extensions..js (module.js:646:10)
    at Module.load (module.js:554:32)
    at tryModuleLoad (module.js:497:12)
    at Function.Module._load (module.js:489:3)
    at Module.require (module.js:579:17)
    at require (internal/module.js:11:18)
    at Object.<anonymous> (/home/ubuntu/aifirst-api/app.js:68:21)
    at Object.<anonymous> (/home/ubuntu/aifirst-api/app.js:79:4)
    at Module._compile (module.js:635:30)
    at Object.Module._extensions..js (module.js:646:10)
    at Module.load (module.js:554:32)
    at tryModuleLoad (module.js:497:12)
    at Function.Module._load (module.js:489:3)
2017-12-20 03:04:06: ReferenceError: IAM is not defined
    at Object.<anonymous> (/home/ubuntu/aifirst-api/endpoint/image.js:37:18)
    at Object.<anonymous> (/home/ubuntu/aifirst-api/endpoint/image.js:159:4)
    at Module._compile (module.js:635:30)
    at Object.Module._extensions..js (module.js:646:10)
    at Module.load (module.js:554:32)
    at tryModuleLoad (module.js:497:12)
    at Function.Module._load (module.js:489:3)
    at Module.require (module.js:579:17)
    at require (internal/module.js:11:18)
    at Object.<anonymous> (/home/ubuntu/aifirst-api/app.js:68:21)
    at Object.<anonymous> (/home/ubuntu/aifirst-api/app.js:79:4)
    at Module._compile (module.js:635:30)
    at Object.Module._extensions..js (module.js:646:10)
    at Module.load (module.js:554:32)
    at tryModuleLoad (module.js:497:12)
    at Function.Module._load (module.js:489:3)
2017-12-20 03:04:07: ReferenceError: IAM is not defined
    at Object.<anonymous> (/home/ubuntu/aifirst-api/endpoint/image.js:37:18)
    at Object.<anonymous> (/home/ubuntu/aifirst-api/endpoint/image.js:159:4)
    at Module._compile (module.js:635:30)
    at Object.Module._extensions..js (module.js:646:10)
    at Module.load (module.js:554:32)
    at tryModuleLoad (module.js:497:12)
    at Function.Module._load (module.js:489:3)
    at Module.require (module.js:579:17)
    at require (internal/module.js:11:18)
    at Object.<anonymous> (/home/ubuntu/aifirst-api/app.js:68:21)
    at Object.<anonymous> (/home/ubuntu/aifirst-api/app.js:79:4)
    at Module._compile (module.js:635:30)
    at Object.Module._extensions..js (module.js:646:10)
    at Module.load (module.js:554:32)
    at tryModuleLoad (module.js:497:12)
    at Function.Module._load (module.js:489:3)
2017-12-20 03:04:07: ReferenceError: IAM is not defined
    at Object.<anonymous> (/home/ubuntu/aifirst-api/endpoint/image.js:37:18)
    at Object.<anonymous> (/home/ubuntu/aifirst-api/endpoint/image.js:159:4)
    at Module._compile (module.js:635:30)
    at Object.Module._extensions..js (module.js:646:10)
    at Module.load (module.js:554:32)
    at tryModuleLoad (module.js:497:12)
    at Function.Module._load (module.js:489:3)
    at Module.require (module.js:579:17)
    at require (internal/module.js:11:18)
    at Object.<anonymous> (/home/ubuntu/aifirst-api/app.js:68:21)
    at Object.<anonymous> (/home/ubuntu/aifirst-api/app.js:79:4)
    at Module._compile (module.js:635:30)
    at Object.Module._extensions..js (module.js:646:10)
    at Module.load (module.js:554:32)
    at tryModuleLoad (module.js:497:12)
    at Function.Module._load (module.js:489:3)
2017-12-20 03:04:08: ReferenceError: IAM is not defined
    at Object.<anonymous> (/home/ubuntu/aifirst-api/endpoint/image.js:37:18)
    at Object.<anonymous> (/home/ubuntu/aifirst-api/endpoint/image.js:159:4)
    at Module._compile (module.js:635:30)
    at Object.Module._extensions..js (module.js:646:10)
    at Module.load (module.js:554:32)
    at tryModuleLoad (module.js:497:12)
    at Function.Module._load (module.js:489:3)
    at Module.require (module.js:579:17)
    at require (internal/module.js:11:18)
    at Object.<anonymous> (/home/ubuntu/aifirst-api/app.js:68:21)
    at Object.<anonymous> (/home/ubuntu/aifirst-api/app.js:79:4)
    at Module._compile (module.js:635:30)
    at Object.Module._extensions..js (module.js:646:10)
    at Module.load (module.js:554:32)
    at tryModuleLoad (module.js:497:12)
    at Function.Module._load (module.js:489:3)
2017-12-20 03:04:09: ReferenceError: IAM is not defined
    at Object.<anonymous> (/home/ubuntu/aifirst-api/endpoint/image.js:37:18)
    at Object.<anonymous> (/home/ubuntu/aifirst-api/endpoint/image.js:159:4)
    at Module._compile (module.js:635:30)
    at Object.Module._extensions..js (module.js:646:10)
    at Module.load (module.js:554:32)
    at tryModuleLoad (module.js:497:12)
    at Function.Module._load (module.js:489:3)
    at Module.require (module.js:579:17)
    at require (internal/module.js:11:18)
    at Object.<anonymous> (/home/ubuntu/aifirst-api/app.js:68:21)
    at Object.<anonymous> (/home/ubuntu/aifirst-api/app.js:79:4)
    at Module._compile (module.js:635:30)
    at Object.Module._extensions..js (module.js:646:10)
    at Module.load (module.js:554:32)
    at tryModuleLoad (module.js:497:12)
    at Function.Module._load (module.js:489:3)
2017-12-20 03:04:09: ReferenceError: IAM is not defined
    at Object.<anonymous> (/home/ubuntu/aifirst-api/endpoint/image.js:37:18)
    at Object.<anonymous> (/home/ubuntu/aifirst-api/endpoint/image.js:159:4)
    at Module._compile (module.js:635:30)
    at Object.Module._extensions..js (module.js:646:10)
    at Module.load (module.js:554:32)
    at tryModuleLoad (module.js:497:12)
    at Function.Module._load (module.js:489:3)
    at Module.require (module.js:579:17)
    at require (internal/module.js:11:18)
    at Object.<anonymous> (/home/ubuntu/aifirst-api/app.js:68:21)
    at Object.<anonymous> (/home/ubuntu/aifirst-api/app.js:79:4)
    at Module._compile (module.js:635:30)
    at Object.Module._extensions..js (module.js:646:10)
    at Module.load (module.js:554:32)
    at tryModuleLoad (module.js:497:12)
    at Function.Module._load (module.js:489:3)
2017-12-20 03:04:10: ReferenceError: IAM is not defined
    at Object.<anonymous> (/home/ubuntu/aifirst-api/endpoint/image.js:37:18)
    at Object.<anonymous> (/home/ubuntu/aifirst-api/endpoint/image.js:159:4)
    at Module._compile (module.js:635:30)
    at Object.Module._extensions..js (module.js:646:10)
    at Module.load (module.js:554:32)
    at tryModuleLoad (module.js:497:12)
    at Function.Module._load (module.js:489:3)
    at Module.require (module.js:579:17)
    at require (internal/module.js:11:18)
    at Object.<anonymous> (/home/ubuntu/aifirst-api/app.js:68:21)
    at Object.<anonymous> (/home/ubuntu/aifirst-api/app.js:79:4)
    at Module._compile (module.js:635:30)
    at Object.Module._extensions..js (module.js:646:10)
    at Module.load (module.js:554:32)
    at tryModuleLoad (module.js:497:12)
    at Function.Module._load (module.js:489:3)
2017-12-20 03:04:11: ReferenceError: IAM is not defined
    at Object.<anonymous> (/home/ubuntu/aifirst-api/endpoint/image.js:37:18)
    at Object.<anonymous> (/home/ubuntu/aifirst-api/endpoint/image.js:159:4)
    at Module._compile (module.js:635:30)
    at Object.Module._extensions..js (module.js:646:10)
    at Module.load (module.js:554:32)
    at tryModuleLoad (module.js:497:12)
    at Function.Module._load (module.js:489:3)
    at Module.require (module.js:579:17)
    at require (internal/module.js:11:18)
    at Object.<anonymous> (/home/ubuntu/aifirst-api/app.js:68:21)
    at Object.<anonymous> (/home/ubuntu/aifirst-api/app.js:79:4)
    at Module._compile (module.js:635:30)
    at Object.Module._extensions..js (module.js:646:10)
    at Module.load (module.js:554:32)
    at tryModuleLoad (module.js:497:12)
    at Function.Module._load (module.js:489:3)
2017-12-20 03:04:11: ReferenceError: IAM is not defined
    at Object.<anonymous> (/home/ubuntu/aifirst-api/endpoint/image.js:37:18)
    at Object.<anonymous> (/home/ubuntu/aifirst-api/endpoint/image.js:159:4)
    at Module._compile (module.js:635:30)
    at Object.Module._extensions..js (module.js:646:10)
    at Module.load (module.js:554:32)
    at tryModuleLoad (module.js:497:12)
    at Function.Module._load (module.js:489:3)
    at Module.require (module.js:579:17)
    at require (internal/module.js:11:18)
    at Object.<anonymous> (/home/ubuntu/aifirst-api/app.js:68:21)
    at Object.<anonymous> (/home/ubuntu/aifirst-api/app.js:79:4)
    at Module._compile (module.js:635:30)
    at Object.Module._extensions..js (module.js:646:10)
    at Module.load (module.js:554:32)
    at tryModuleLoad (module.js:497:12)
    at Function.Module._load (module.js:489:3)
2017-12-20 03:04:12: ReferenceError: IAM is not defined
    at Object.<anonymous> (/home/ubuntu/aifirst-api/endpoint/image.js:37:18)
    at Object.<anonymous> (/home/ubuntu/aifirst-api/endpoint/image.js:159:4)
    at Module._compile (module.js:635:30)
    at Object.Module._extensions..js (module.js:646:10)
    at Module.load (module.js:554:32)
    at tryModuleLoad (module.js:497:12)
    at Function.Module._load (module.js:489:3)
    at Module.require (module.js:579:17)
    at require (internal/module.js:11:18)
    at Object.<anonymous> (/home/ubuntu/aifirst-api/app.js:68:21)
    at Object.<anonymous> (/home/ubuntu/aifirst-api/app.js:79:4)
    at Module._compile (module.js:635:30)
    at Object.Module._extensions..js (module.js:646:10)
    at Module.load (module.js:554:32)
    at tryModuleLoad (module.js:497:12)
    at Function.Module._load (module.js:489:3)
2017-12-20 03:04:13: ReferenceError: IAM is not defined
    at Object.<anonymous> (/home/ubuntu/aifirst-api/endpoint/image.js:37:18)
    at Object.<anonymous> (/home/ubuntu/aifirst-api/endpoint/image.js:159:4)
    at Module._compile (module.js:635:30)
    at Object.Module._extensions..js (module.js:646:10)
    at Module.load (module.js:554:32)
    at tryModuleLoad (module.js:497:12)
    at Function.Module._load (module.js:489:3)
    at Module.require (module.js:579:17)
    at require (internal/module.js:11:18)
    at Object.<anonymous> (/home/ubuntu/aifirst-api/app.js:68:21)
    at Object.<anonymous> (/home/ubuntu/aifirst-api/app.js:79:4)
    at Module._compile (module.js:635:30)
    at Object.Module._extensions..js (module.js:646:10)
    at Module.load (module.js:554:32)
    at tryModuleLoad (module.js:497:12)
    at Function.Module._load (module.js:489:3)
2017-12-20 03:04:13: ReferenceError: IAM is not defined
    at Object.<anonymous> (/home/ubuntu/aifirst-api/endpoint/image.js:37:18)
    at Object.<anonymous> (/home/ubuntu/aifirst-api/endpoint/image.js:159:4)
    at Module._compile (module.js:635:30)
    at Object.Module._extensions..js (module.js:646:10)
    at Module.load (module.js:554:32)
    at tryModuleLoad (module.js:497:12)
    at Function.Module._load (module.js:489:3)
    at Module.require (module.js:579:17)
    at require (internal/module.js:11:18)
    at Object.<anonymous> (/home/ubuntu/aifirst-api/app.js:68:21)
    at Object.<anonymous> (/home/ubuntu/aifirst-api/app.js:79:4)
    at Module._compile (module.js:635:30)
    at Object.Module._extensions..js (module.js:646:10)
    at Module.load (module.js:554:32)
    at tryModuleLoad (module.js:497:12)
    at Function.Module._load (module.js:489:3)
2017-12-20 03:04:14: ReferenceError: IAM is not defined
    at Object.<anonymous> (/home/ubuntu/aifirst-api/endpoint/image.js:37:18)
    at Object.<anonymous> (/home/ubuntu/aifirst-api/endpoint/image.js:159:4)
    at Module._compile (module.js:635:30)
    at Object.Module._extensions..js (module.js:646:10)
    at Module.load (module.js:554:32)
    at tryModuleLoad (module.js:497:12)
    at Function.Module._load (module.js:489:3)
    at Module.require (module.js:579:17)
    at require (internal/module.js:11:18)
    at Object.<anonymous> (/home/ubuntu/aifirst-api/app.js:68:21)
    at Object.<anonymous> (/home/ubuntu/aifirst-api/app.js:79:4)
    at Module._compile (module.js:635:30)
    at Object.Module._extensions..js (module.js:646:10)
    at Module.load (module.js:554:32)
    at tryModuleLoad (module.js:497:12)
    at Function.Module._load (module.js:489:3)
2017-12-20 03:04:40: ReferenceError: IAM is not defined
    at Object.<anonymous> (/home/ubuntu/aifirst-api/endpoint/image.js:37:18)
    at Object.<anonymous> (/home/ubuntu/aifirst-api/endpoint/image.js:159:4)
    at Module._compile (module.js:635:30)
    at Object.Module._extensions..js (module.js:646:10)
    at Module.load (module.js:554:32)
    at tryModuleLoad (module.js:497:12)
    at Function.Module._load (module.js:489:3)
    at Module.require (module.js:579:17)
    at require (internal/module.js:11:18)
    at Object.<anonymous> (/home/ubuntu/aifirst-api/app.js:68:21)
    at Object.<anonymous> (/home/ubuntu/aifirst-api/app.js:79:4)
    at Module._compile (module.js:635:30)
    at Object.Module._extensions..js (module.js:646:10)
    at Module.load (module.js:554:32)
    at tryModuleLoad (module.js:497:12)
    at Function.Module._load (module.js:489:3)
2017-12-20 03:04:40: ReferenceError: IAM is not defined
    at Object.<anonymous> (/home/ubuntu/aifirst-api/endpoint/image.js:37:18)
    at Object.<anonymous> (/home/ubuntu/aifirst-api/endpoint/image.js:159:4)
    at Module._compile (module.js:635:30)
    at Object.Module._extensions..js (module.js:646:10)
    at Module.load (module.js:554:32)
    at tryModuleLoad (module.js:497:12)
    at Function.Module._load (module.js:489:3)
    at Module.require (module.js:579:17)
    at require (internal/module.js:11:18)
    at Object.<anonymous> (/home/ubuntu/aifirst-api/app.js:68:21)
    at Object.<anonymous> (/home/ubuntu/aifirst-api/app.js:79:4)
    at Module._compile (module.js:635:30)
    at Object.Module._extensions..js (module.js:646:10)
    at Module.load (module.js:554:32)
    at tryModuleLoad (module.js:497:12)
    at Function.Module._load (module.js:489:3)
2017-12-20 03:04:41: ReferenceError: IAM is not defined
    at Object.<anonymous> (/home/ubuntu/aifirst-api/endpoint/image.js:37:18)
    at Object.<anonymous> (/home/ubuntu/aifirst-api/endpoint/image.js:159:4)
    at Module._compile (module.js:635:30)
    at Object.Module._extensions..js (module.js:646:10)
    at Module.load (module.js:554:32)
    at tryModuleLoad (module.js:497:12)
    at Function.Module._load (module.js:489:3)
    at Module.require (module.js:579:17)
    at require (internal/module.js:11:18)
    at Object.<anonymous> (/home/ubuntu/aifirst-api/app.js:68:21)
    at Object.<anonymous> (/home/ubuntu/aifirst-api/app.js:79:4)
    at Module._compile (module.js:635:30)
    at Object.Module._extensions..js (module.js:646:10)
    at Module.load (module.js:554:32)
    at tryModuleLoad (module.js:497:12)
    at Function.Module._load (module.js:489:3)
2017-12-20 03:04:42: ReferenceError: IAM is not defined
    at Object.<anonymous> (/home/ubuntu/aifirst-api/endpoint/image.js:37:18)
    at Object.<anonymous> (/home/ubuntu/aifirst-api/endpoint/image.js:159:4)
    at Module._compile (module.js:635:30)
    at Object.Module._extensions..js (module.js:646:10)
    at Module.load (module.js:554:32)
    at tryModuleLoad (module.js:497:12)
    at Function.Module._load (module.js:489:3)
    at Module.require (module.js:579:17)
    at require (internal/module.js:11:18)
    at Object.<anonymous> (/home/ubuntu/aifirst-api/app.js:68:21)
    at Object.<anonymous> (/home/ubuntu/aifirst-api/app.js:79:4)
    at Module._compile (module.js:635:30)
    at Object.Module._extensions..js (module.js:646:10)
    at Module.load (module.js:554:32)
    at tryModuleLoad (module.js:497:12)
    at Function.Module._load (module.js:489:3)
2017-12-20 03:04:42: ReferenceError: IAM is not defined
    at Object.<anonymous> (/home/ubuntu/aifirst-api/endpoint/image.js:37:18)
    at Object.<anonymous> (/home/ubuntu/aifirst-api/endpoint/image.js:159:4)
    at Module._compile (module.js:635:30)
    at Object.Module._extensions..js (module.js:646:10)
    at Module.load (module.js:554:32)
    at tryModuleLoad (module.js:497:12)
    at Function.Module._load (module.js:489:3)
    at Module.require (module.js:579:17)
    at require (internal/module.js:11:18)
    at Object.<anonymous> (/home/ubuntu/aifirst-api/app.js:68:21)
    at Object.<anonymous> (/home/ubuntu/aifirst-api/app.js:79:4)
    at Module._compile (module.js:635:30)
    at Object.Module._extensions..js (module.js:646:10)
    at Module.load (module.js:554:32)
    at tryModuleLoad (module.js:497:12)
    at Function.Module._load (module.js:489:3)
2017-12-20 03:04:43: ReferenceError: IAM is not defined
    at Object.<anonymous> (/home/ubuntu/aifirst-api/endpoint/image.js:37:18)
    at Object.<anonymous> (/home/ubuntu/aifirst-api/endpoint/image.js:159:4)
    at Module._compile (module.js:635:30)
    at Object.Module._extensions..js (module.js:646:10)
    at Module.load (module.js:554:32)
    at tryModuleLoad (module.js:497:12)
    at Function.Module._load (module.js:489:3)
    at Module.require (module.js:579:17)
    at require (internal/module.js:11:18)
    at Object.<anonymous> (/home/ubuntu/aifirst-api/app.js:68:21)
    at Object.<anonymous> (/home/ubuntu/aifirst-api/app.js:79:4)
    at Module._compile (module.js:635:30)
    at Object.Module._extensions..js (module.js:646:10)
    at Module.load (module.js:554:32)
    at tryModuleLoad (module.js:497:12)
    at Function.Module._load (module.js:489:3)
2017-12-20 03:04:44: ReferenceError: IAM is not defined
    at Object.<anonymous> (/home/ubuntu/aifirst-api/endpoint/image.js:37:18)
    at Object.<anonymous> (/home/ubuntu/aifirst-api/endpoint/image.js:159:4)
    at Module._compile (module.js:635:30)
    at Object.Module._extensions..js (module.js:646:10)
    at Module.load (module.js:554:32)
    at tryModuleLoad (module.js:497:12)
    at Function.Module._load (module.js:489:3)
    at Module.require (module.js:579:17)
    at require (internal/module.js:11:18)
    at Object.<anonymous> (/home/ubuntu/aifirst-api/app.js:68:21)
    at Object.<anonymous> (/home/ubuntu/aifirst-api/app.js:79:4)
    at Module._compile (module.js:635:30)
    at Object.Module._extensions..js (module.js:646:10)
    at Module.load (module.js:554:32)
    at tryModuleLoad (module.js:497:12)
    at Function.Module._load (module.js:489:3)
2017-12-20 03:04:44: ReferenceError: IAM is not defined
    at Object.<anonymous> (/home/ubuntu/aifirst-api/endpoint/image.js:37:18)
    at Object.<anonymous> (/home/ubuntu/aifirst-api/endpoint/image.js:159:4)
    at Module._compile (module.js:635:30)
    at Object.Module._extensions..js (module.js:646:10)
    at Module.load (module.js:554:32)
    at tryModuleLoad (module.js:497:12)
    at Function.Module._load (module.js:489:3)
    at Module.require (module.js:579:17)
    at require (internal/module.js:11:18)
    at Object.<anonymous> (/home/ubuntu/aifirst-api/app.js:68:21)
    at Object.<anonymous> (/home/ubuntu/aifirst-api/app.js:79:4)
    at Module._compile (module.js:635:30)
    at Object.Module._extensions..js (module.js:646:10)
    at Module.load (module.js:554:32)
    at tryModuleLoad (module.js:497:12)
    at Function.Module._load (module.js:489:3)
2017-12-20 03:04:45: ReferenceError: IAM is not defined
    at Object.<anonymous> (/home/ubuntu/aifirst-api/endpoint/image.js:37:18)
    at Object.<anonymous> (/home/ubuntu/aifirst-api/endpoint/image.js:159:4)
    at Module._compile (module.js:635:30)
    at Object.Module._extensions..js (module.js:646:10)
    at Module.load (module.js:554:32)
    at tryModuleLoad (module.js:497:12)
    at Function.Module._load (module.js:489:3)
    at Module.require (module.js:579:17)
    at require (internal/module.js:11:18)
    at Object.<anonymous> (/home/ubuntu/aifirst-api/app.js:68:21)
    at Object.<anonymous> (/home/ubuntu/aifirst-api/app.js:79:4)
    at Module._compile (module.js:635:30)
    at Object.Module._extensions..js (module.js:646:10)
    at Module.load (module.js:554:32)
    at tryModuleLoad (module.js:497:12)
    at Function.Module._load (module.js:489:3)
2017-12-20 03:04:46: ReferenceError: IAM is not defined
    at Object.<anonymous> (/home/ubuntu/aifirst-api/endpoint/image.js:37:18)
    at Object.<anonymous> (/home/ubuntu/aifirst-api/endpoint/image.js:159:4)
    at Module._compile (module.js:635:30)
    at Object.Module._extensions..js (module.js:646:10)
    at Module.load (module.js:554:32)
    at tryModuleLoad (module.js:497:12)
    at Function.Module._load (module.js:489:3)
    at Module.require (module.js:579:17)
    at require (internal/module.js:11:18)
    at Object.<anonymous> (/home/ubuntu/aifirst-api/app.js:68:21)
    at Object.<anonymous> (/home/ubuntu/aifirst-api/app.js:79:4)
    at Module._compile (module.js:635:30)
    at Object.Module._extensions..js (module.js:646:10)
    at Module.load (module.js:554:32)
    at tryModuleLoad (module.js:497:12)
    at Function.Module._load (module.js:489:3)
2017-12-20 03:04:46: ReferenceError: IAM is not defined
    at Object.<anonymous> (/home/ubuntu/aifirst-api/endpoint/image.js:37:18)
    at Object.<anonymous> (/home/ubuntu/aifirst-api/endpoint/image.js:159:4)
    at Module._compile (module.js:635:30)
    at Object.Module._extensions..js (module.js:646:10)
    at Module.load (module.js:554:32)
    at tryModuleLoad (module.js:497:12)
    at Function.Module._load (module.js:489:3)
    at Module.require (module.js:579:17)
    at require (internal/module.js:11:18)
    at Object.<anonymous> (/home/ubuntu/aifirst-api/app.js:68:21)
    at Object.<anonymous> (/home/ubuntu/aifirst-api/app.js:79:4)
    at Module._compile (module.js:635:30)
    at Object.Module._extensions..js (module.js:646:10)
    at Module.load (module.js:554:32)
    at tryModuleLoad (module.js:497:12)
    at Function.Module._load (module.js:489:3)
2017-12-20 03:04:47: ReferenceError: IAM is not defined
    at Object.<anonymous> (/home/ubuntu/aifirst-api/endpoint/image.js:37:18)
    at Object.<anonymous> (/home/ubuntu/aifirst-api/endpoint/image.js:159:4)
    at Module._compile (module.js:635:30)
    at Object.Module._extensions..js (module.js:646:10)
    at Module.load (module.js:554:32)
    at tryModuleLoad (module.js:497:12)
    at Function.Module._load (module.js:489:3)
    at Module.require (module.js:579:17)
    at require (internal/module.js:11:18)
    at Object.<anonymous> (/home/ubuntu/aifirst-api/app.js:68:21)
    at Object.<anonymous> (/home/ubuntu/aifirst-api/app.js:79:4)
    at Module._compile (module.js:635:30)
    at Object.Module._extensions..js (module.js:646:10)
    at Module.load (module.js:554:32)
    at tryModuleLoad (module.js:497:12)
    at Function.Module._load (module.js:489:3)
2017-12-20 03:04:48: ReferenceError: IAM is not defined
    at Object.<anonymous> (/home/ubuntu/aifirst-api/endpoint/image.js:37:18)
    at Object.<anonymous> (/home/ubuntu/aifirst-api/endpoint/image.js:159:4)
    at Module._compile (module.js:635:30)
    at Object.Module._extensions..js (module.js:646:10)
    at Module.load (module.js:554:32)
    at tryModuleLoad (module.js:497:12)
    at Function.Module._load (module.js:489:3)
    at Module.require (module.js:579:17)
    at require (internal/module.js:11:18)
    at Object.<anonymous> (/home/ubuntu/aifirst-api/app.js:68:21)
    at Object.<anonymous> (/home/ubuntu/aifirst-api/app.js:79:4)
    at Module._compile (module.js:635:30)
    at Object.Module._extensions..js (module.js:646:10)
    at Module.load (module.js:554:32)
    at tryModuleLoad (module.js:497:12)
    at Function.Module._load (module.js:489:3)
2017-12-20 03:04:48: ReferenceError: IAM is not defined
    at Object.<anonymous> (/home/ubuntu/aifirst-api/endpoint/image.js:37:18)
    at Object.<anonymous> (/home/ubuntu/aifirst-api/endpoint/image.js:159:4)
    at Module._compile (module.js:635:30)
    at Object.Module._extensions..js (module.js:646:10)
    at Module.load (module.js:554:32)
    at tryModuleLoad (module.js:497:12)
    at Function.Module._load (module.js:489:3)
    at Module.require (module.js:579:17)
    at require (internal/module.js:11:18)
    at Object.<anonymous> (/home/ubuntu/aifirst-api/app.js:68:21)
    at Object.<anonymous> (/home/ubuntu/aifirst-api/app.js:79:4)
    at Module._compile (module.js:635:30)
    at Object.Module._extensions..js (module.js:646:10)
    at Module.load (module.js:554:32)
    at tryModuleLoad (module.js:497:12)
    at Function.Module._load (module.js:489:3)
2017-12-20 03:04:49: ReferenceError: IAM is not defined
    at Object.<anonymous> (/home/ubuntu/aifirst-api/endpoint/image.js:37:18)
    at Object.<anonymous> (/home/ubuntu/aifirst-api/endpoint/image.js:159:4)
    at Module._compile (module.js:635:30)
    at Object.Module._extensions..js (module.js:646:10)
    at Module.load (module.js:554:32)
    at tryModuleLoad (module.js:497:12)
    at Function.Module._load (module.js:489:3)
    at Module.require (module.js:579:17)
    at require (internal/module.js:11:18)
    at Object.<anonymous> (/home/ubuntu/aifirst-api/app.js:68:21)
    at Object.<anonymous> (/home/ubuntu/aifirst-api/app.js:79:4)
    at Module._compile (module.js:635:30)
    at Object.Module._extensions..js (module.js:646:10)
    at Module.load (module.js:554:32)
    at tryModuleLoad (module.js:497:12)
    at Function.Module._load (module.js:489:3)
2017-12-20 03:04:49: ReferenceError: IAM is not defined
    at Object.<anonymous> (/home/ubuntu/aifirst-api/endpoint/image.js:37:18)
    at Object.<anonymous> (/home/ubuntu/aifirst-api/endpoint/image.js:159:4)
    at Module._compile (module.js:635:30)
    at Object.Module._extensions..js (module.js:646:10)
    at Module.load (module.js:554:32)
    at tryModuleLoad (module.js:497:12)
    at Function.Module._load (module.js:489:3)
    at Module.require (module.js:579:17)
    at require (internal/module.js:11:18)
    at Object.<anonymous> (/home/ubuntu/aifirst-api/app.js:68:21)
    at Object.<anonymous> (/home/ubuntu/aifirst-api/app.js:79:4)
    at Module._compile (module.js:635:30)
    at Object.Module._extensions..js (module.js:646:10)
    at Module.load (module.js:554:32)
    at tryModuleLoad (module.js:497:12)
    at Function.Module._load (module.js:489:3)
2017-12-20 06:20:37: SyntaxError: Unexpected token # in JSON at position 0
    at JSON.parse (<anonymous>)
    at createStrictSyntaxError (/home/ubuntu/aifirst-api/node_modules/body-parser/lib/types/json.js:157:10)
    at parse (/home/ubuntu/aifirst-api/node_modules/body-parser/lib/types/json.js:83:15)
    at /home/ubuntu/aifirst-api/node_modules/body-parser/lib/read.js:121:18
    at invokeCallback (/home/ubuntu/aifirst-api/node_modules/raw-body/index.js:224:16)
    at done (/home/ubuntu/aifirst-api/node_modules/raw-body/index.js:213:7)
    at IncomingMessage.onEnd (/home/ubuntu/aifirst-api/node_modules/raw-body/index.js:273:7)
    at emitNone (events.js:106:13)
    at IncomingMessage.emit (events.js:208:7)
    at endReadableNT (_stream_readable.js:1056:12)
    at _combinedTickCallback (internal/process/next_tick.js:138:11)
    at process._tickDomainCallback (internal/process/next_tick.js:218:9)
2017-12-20 06:20:46: SyntaxError: Unexpected token # in JSON at position 0
    at JSON.parse (<anonymous>)
    at createStrictSyntaxError (/home/ubuntu/aifirst-api/node_modules/body-parser/lib/types/json.js:157:10)
    at parse (/home/ubuntu/aifirst-api/node_modules/body-parser/lib/types/json.js:83:15)
    at /home/ubuntu/aifirst-api/node_modules/body-parser/lib/read.js:121:18
    at invokeCallback (/home/ubuntu/aifirst-api/node_modules/raw-body/index.js:224:16)
    at done (/home/ubuntu/aifirst-api/node_modules/raw-body/index.js:213:7)
    at IncomingMessage.onEnd (/home/ubuntu/aifirst-api/node_modules/raw-body/index.js:273:7)
    at emitNone (events.js:106:13)
    at IncomingMessage.emit (events.js:208:7)
    at endReadableNT (_stream_readable.js:1056:12)
    at _combinedTickCallback (internal/process/next_tick.js:138:11)
    at process._tickDomainCallback (internal/process/next_tick.js:218:9)
2017-12-20 06:21:04: SyntaxError: Unexpected token # in JSON at position 0
    at JSON.parse (<anonymous>)
    at createStrictSyntaxError (/home/ubuntu/aifirst-api/node_modules/body-parser/lib/types/json.js:157:10)
    at parse (/home/ubuntu/aifirst-api/node_modules/body-parser/lib/types/json.js:83:15)
    at /home/ubuntu/aifirst-api/node_modules/body-parser/lib/read.js:121:18
    at invokeCallback (/home/ubuntu/aifirst-api/node_modules/raw-body/index.js:224:16)
    at done (/home/ubuntu/aifirst-api/node_modules/raw-body/index.js:213:7)
    at IncomingMessage.onEnd (/home/ubuntu/aifirst-api/node_modules/raw-body/index.js:273:7)
    at emitNone (events.js:106:13)
    at IncomingMessage.emit (events.js:208:7)
    at endReadableNT (_stream_readable.js:1056:12)
    at _combinedTickCallback (internal/process/next_tick.js:138:11)
    at process._tickDomainCallback (internal/process/next_tick.js:218:9)
2017-12-20 06:21:57: PayloadTooLargeError: request entity too large
    at readStream (/home/ubuntu/aifirst-api/node_modules/raw-body/index.js:155:17)
    at getRawBody (/home/ubuntu/aifirst-api/node_modules/raw-body/index.js:108:12)
    at read (/home/ubuntu/aifirst-api/node_modules/body-parser/lib/read.js:77:3)
    at urlencodedParser (/home/ubuntu/aifirst-api/node_modules/body-parser/lib/types/urlencoded.js:116:5)
    at Layer.handle [as handle_request] (/home/ubuntu/aifirst-api/node_modules/express/lib/router/layer.js:95:5)
    at trim_prefix (/home/ubuntu/aifirst-api/node_modules/express/lib/router/index.js:317:13)
    at /home/ubuntu/aifirst-api/node_modules/express/lib/router/index.js:284:7
    at Function.process_params (/home/ubuntu/aifirst-api/node_modules/express/lib/router/index.js:335:12)
    at next (/home/ubuntu/aifirst-api/node_modules/express/lib/router/index.js:275:10)
    at jsonParser (/home/ubuntu/aifirst-api/node_modules/body-parser/lib/types/json.js:118:7)
    at Layer.handle [as handle_request] (/home/ubuntu/aifirst-api/node_modules/express/lib/router/layer.js:95:5)
    at trim_prefix (/home/ubuntu/aifirst-api/node_modules/express/lib/router/index.js:317:13)
    at /home/ubuntu/aifirst-api/node_modules/express/lib/router/index.js:284:7
    at Function.process_params (/home/ubuntu/aifirst-api/node_modules/express/lib/router/index.js:335:12)
    at next (/home/ubuntu/aifirst-api/node_modules/express/lib/router/index.js:275:10)
    at internalNext (/home/ubuntu/aifirst-api/node_modules/helmet/index.js:45:33)
2017-12-20 06:22:03: PayloadTooLargeError: request entity too large
    at readStream (/home/ubuntu/aifirst-api/node_modules/raw-body/index.js:155:17)
    at getRawBody (/home/ubuntu/aifirst-api/node_modules/raw-body/index.js:108:12)
    at read (/home/ubuntu/aifirst-api/node_modules/body-parser/lib/read.js:77:3)
    at urlencodedParser (/home/ubuntu/aifirst-api/node_modules/body-parser/lib/types/urlencoded.js:116:5)
    at Layer.handle [as handle_request] (/home/ubuntu/aifirst-api/node_modules/express/lib/router/layer.js:95:5)
    at trim_prefix (/home/ubuntu/aifirst-api/node_modules/express/lib/router/index.js:317:13)
    at /home/ubuntu/aifirst-api/node_modules/express/lib/router/index.js:284:7
    at Function.process_params (/home/ubuntu/aifirst-api/node_modules/express/lib/router/index.js:335:12)
    at next (/home/ubuntu/aifirst-api/node_modules/express/lib/router/index.js:275:10)
    at jsonParser (/home/ubuntu/aifirst-api/node_modules/body-parser/lib/types/json.js:118:7)
    at Layer.handle [as handle_request] (/home/ubuntu/aifirst-api/node_modules/express/lib/router/layer.js:95:5)
    at trim_prefix (/home/ubuntu/aifirst-api/node_modules/express/lib/router/index.js:317:13)
    at /home/ubuntu/aifirst-api/node_modules/express/lib/router/index.js:284:7
    at Function.process_params (/home/ubuntu/aifirst-api/node_modules/express/lib/router/index.js:335:12)
    at next (/home/ubuntu/aifirst-api/node_modules/express/lib/router/index.js:275:10)
    at internalNext (/home/ubuntu/aifirst-api/node_modules/helmet/index.js:45:33)
